[0.135s] DEBUG:colcon:Command line arguments: ['/bin/colcon', 'list', '-p', '--base-paths', '/home/bigyun/Desktop/github_repositories/ST_control_ws']
[0.135s] DEBUG:colcon:Parsed command line arguments: Namespace(allow_overriding=[], base_paths=['/home/bigyun/Desktop/github_repositories/ST_control_ws'], build_base='build', ignore_user_meta=False, log_base=None, log_level=None, main=<bound method ListVerb.main of <colcon_package_information.verb.list.ListVerb object at 0x7ff957df0490>>, metas=['./colcon.meta'], names_only=False, packages_above=None, packages_above_and_dependencies=None, packages_above_depth=None, packages_end=None, packages_ignore=None, packages_ignore_regex=None, packages_select=None, packages_select_build_failed=False, packages_select_by_dep=None, packages_select_regex=None, packages_select_test_failures=False, packages_skip=None, packages_skip_build_finished=False, packages_skip_by_dep=None, packages_skip_regex=None, packages_skip_test_passed=False, packages_skip_up_to=None, packages_start=None, packages_up_to=None, packages_up_to_regex=None, paths=None, paths_only=True, topological_graph=False, topological_graph_density=False, topological_graph_dot=False, topological_graph_dot_cluster=False, topological_graph_dot_include_skipped=False, topological_graph_legend=False, topological_order=False, verb_extension=<colcon_package_information.verb.list.ListVerb object at 0x7ff957df0490>, verb_name='list', verb_parser=<colcon_defaults.argument_parser.defaults.DefaultArgumentsDecorator object at 0x7ff957d8d5e0>)
[0.149s] Level 1:colcon.colcon_core.package_discovery:discover_packages(colcon_meta) check parameters
[0.149s] Level 1:colcon.colcon_core.package_discovery:discover_packages(recursive) check parameters
[0.149s] Level 1:colcon.colcon_core.package_discovery:discover_packages(ignore) check parameters
[0.149s] Level 1:colcon.colcon_core.package_discovery:discover_packages(path) check parameters
[0.149s] Level 1:colcon.colcon_core.package_discovery:discover_packages(recursive) discover
[0.149s] INFO:colcon.colcon_core.package_discovery:Crawling recursively for packages in '/home/bigyun/Desktop/github_repositories/ST_control_ws'
[0.149s] Level 1:colcon.colcon_core.package_identification:_identify(/home/bigyun/Desktop/github_repositories/ST_control_ws) by extensions ['ignore', 'ignore_ament_install']
[0.149s] Level 1:colcon.colcon_core.package_identification:_identify(/home/bigyun/Desktop/github_repositories/ST_control_ws) by extension 'ignore'
[0.149s] Level 1:colcon.colcon_core.package_identification:_identify(/home/bigyun/Desktop/github_repositories/ST_control_ws) by extension 'ignore_ament_install'
[0.149s] Level 1:colcon.colcon_core.package_identification:_identify(/home/bigyun/Desktop/github_repositories/ST_control_ws) by extensions ['colcon_pkg']
[0.149s] Level 1:colcon.colcon_core.package_identification:_identify(/home/bigyun/Desktop/github_repositories/ST_control_ws) by extension 'colcon_pkg'
[0.149s] Level 1:colcon.colcon_core.package_identification:_identify(/home/bigyun/Desktop/github_repositories/ST_control_ws) by extensions ['colcon_meta']
[0.149s] Level 1:colcon.colcon_core.package_identification:_identify(/home/bigyun/Desktop/github_repositories/ST_control_ws) by extension 'colcon_meta'
[0.149s] Level 1:colcon.colcon_core.package_identification:_identify(/home/bigyun/Desktop/github_repositories/ST_control_ws) by extensions ['ros']
[0.149s] Level 1:colcon.colcon_core.package_identification:_identify(/home/bigyun/Desktop/github_repositories/ST_control_ws) by extension 'ros'
[0.155s] Level 1:colcon.colcon_core.package_identification:_identify(/home/bigyun/Desktop/github_repositories/ST_control_ws) by extensions ['cmake', 'python']
[0.155s] Level 1:colcon.colcon_core.package_identification:_identify(/home/bigyun/Desktop/github_repositories/ST_control_ws) by extension 'cmake'
[0.155s] Level 1:colcon.colcon_core.package_identification:_identify(/home/bigyun/Desktop/github_repositories/ST_control_ws) by extension 'python'
[0.155s] Level 1:colcon.colcon_core.package_identification:_identify(/home/bigyun/Desktop/github_repositories/ST_control_ws) by extensions ['python_setup_py']
[0.155s] Level 1:colcon.colcon_core.package_identification:_identify(/home/bigyun/Desktop/github_repositories/ST_control_ws) by extension 'python_setup_py'
[0.155s] Level 1:colcon.colcon_core.package_identification:_identify(/home/bigyun/Desktop/github_repositories/ST_control_ws/log) by extensions ['ignore', 'ignore_ament_install']
[0.155s] Level 1:colcon.colcon_core.package_identification:_identify(/home/bigyun/Desktop/github_repositories/ST_control_ws/log) by extension 'ignore'
[0.155s] Level 1:colcon.colcon_core.package_identification:_identify(/home/bigyun/Desktop/github_repositories/ST_control_ws/log) ignored
[0.155s] Level 1:colcon.colcon_core.package_identification:_identify(/home/bigyun/Desktop/github_repositories/ST_control_ws/src) by extensions ['ignore', 'ignore_ament_install']
[0.155s] Level 1:colcon.colcon_core.package_identification:_identify(/home/bigyun/Desktop/github_repositories/ST_control_ws/src) by extension 'ignore'
[0.155s] Level 1:colcon.colcon_core.package_identification:_identify(/home/bigyun/Desktop/github_repositories/ST_control_ws/src) by extension 'ignore_ament_install'
[0.155s] Level 1:colcon.colcon_core.package_identification:_identify(/home/bigyun/Desktop/github_repositories/ST_control_ws/src) by extensions ['colcon_pkg']
[0.155s] Level 1:colcon.colcon_core.package_identification:_identify(/home/bigyun/Desktop/github_repositories/ST_control_ws/src) by extension 'colcon_pkg'
[0.155s] Level 1:colcon.colcon_core.package_identification:_identify(/home/bigyun/Desktop/github_repositories/ST_control_ws/src) by extensions ['colcon_meta']
[0.155s] Level 1:colcon.colcon_core.package_identification:_identify(/home/bigyun/Desktop/github_repositories/ST_control_ws/src) by extension 'colcon_meta'
[0.155s] Level 1:colcon.colcon_core.package_identification:_identify(/home/bigyun/Desktop/github_repositories/ST_control_ws/src) by extensions ['ros']
[0.155s] Level 1:colcon.colcon_core.package_identification:_identify(/home/bigyun/Desktop/github_repositories/ST_control_ws/src) by extension 'ros'
[0.155s] Level 1:colcon.colcon_core.package_identification:_identify(/home/bigyun/Desktop/github_repositories/ST_control_ws/src) by extensions ['cmake', 'python']
[0.155s] Level 1:colcon.colcon_core.package_identification:_identify(/home/bigyun/Desktop/github_repositories/ST_control_ws/src) by extension 'cmake'
[0.155s] Level 1:colcon.colcon_core.package_identification:_identify(/home/bigyun/Desktop/github_repositories/ST_control_ws/src) by extension 'python'
[0.155s] Level 1:colcon.colcon_core.package_identification:_identify(/home/bigyun/Desktop/github_repositories/ST_control_ws/src) by extensions ['python_setup_py']
[0.155s] Level 1:colcon.colcon_core.package_identification:_identify(/home/bigyun/Desktop/github_repositories/ST_control_ws/src) by extension 'python_setup_py'
[0.155s] Level 1:colcon.colcon_core.package_identification:_identify(/home/bigyun/Desktop/github_repositories/ST_control_ws/src/MasterMACS_pkg) by extensions ['ignore', 'ignore_ament_install']
[0.155s] Level 1:colcon.colcon_core.package_identification:_identify(/home/bigyun/Desktop/github_repositories/ST_control_ws/src/MasterMACS_pkg) by extension 'ignore'
[0.155s] Level 1:colcon.colcon_core.package_identification:_identify(/home/bigyun/Desktop/github_repositories/ST_control_ws/src/MasterMACS_pkg) by extension 'ignore_ament_install'
[0.155s] Level 1:colcon.colcon_core.package_identification:_identify(/home/bigyun/Desktop/github_repositories/ST_control_ws/src/MasterMACS_pkg) by extensions ['colcon_pkg']
[0.155s] Level 1:colcon.colcon_core.package_identification:_identify(/home/bigyun/Desktop/github_repositories/ST_control_ws/src/MasterMACS_pkg) by extension 'colcon_pkg'
[0.155s] Level 1:colcon.colcon_core.package_identification:_identify(/home/bigyun/Desktop/github_repositories/ST_control_ws/src/MasterMACS_pkg) by extensions ['colcon_meta']
[0.155s] Level 1:colcon.colcon_core.package_identification:_identify(/home/bigyun/Desktop/github_repositories/ST_control_ws/src/MasterMACS_pkg) by extension 'colcon_meta'
[0.155s] Level 1:colcon.colcon_core.package_identification:_identify(/home/bigyun/Desktop/github_repositories/ST_control_ws/src/MasterMACS_pkg) by extensions ['ros']
[0.155s] Level 1:colcon.colcon_core.package_identification:_identify(/home/bigyun/Desktop/github_repositories/ST_control_ws/src/MasterMACS_pkg) by extension 'ros'
[0.155s] Level 1:colcon.colcon_core.package_identification:_identify(/home/bigyun/Desktop/github_repositories/ST_control_ws/src/MasterMACS_pkg) by extensions ['cmake', 'python']
[0.155s] Level 1:colcon.colcon_core.package_identification:_identify(/home/bigyun/Desktop/github_repositories/ST_control_ws/src/MasterMACS_pkg) by extension 'cmake'
[0.155s] Level 1:colcon.colcon_core.package_identification:_identify(/home/bigyun/Desktop/github_repositories/ST_control_ws/src/MasterMACS_pkg) by extension 'python'
[0.155s] Level 1:colcon.colcon_core.package_identification:_identify(/home/bigyun/Desktop/github_repositories/ST_control_ws/src/MasterMACS_pkg) by extensions ['python_setup_py']
[0.155s] Level 1:colcon.colcon_core.package_identification:_identify(/home/bigyun/Desktop/github_repositories/ST_control_ws/src/MasterMACS_pkg) by extension 'python_setup_py'
[0.155s] Level 1:colcon.colcon_core.package_identification:_identify(/home/bigyun/Desktop/github_repositories/ST_control_ws/src/MasterMACS_pkg/include) by extensions ['ignore', 'ignore_ament_install']
[0.155s] Level 1:colcon.colcon_core.package_identification:_identify(/home/bigyun/Desktop/github_repositories/ST_control_ws/src/MasterMACS_pkg/include) by extension 'ignore'
[0.156s] Level 1:colcon.colcon_core.package_identification:_identify(/home/bigyun/Desktop/github_repositories/ST_control_ws/src/MasterMACS_pkg/include) by extension 'ignore_ament_install'
[0.156s] Level 1:colcon.colcon_core.package_identification:_identify(/home/bigyun/Desktop/github_repositories/ST_control_ws/src/MasterMACS_pkg/include) by extensions ['colcon_pkg']
[0.156s] Level 1:colcon.colcon_core.package_identification:_identify(/home/bigyun/Desktop/github_repositories/ST_control_ws/src/MasterMACS_pkg/include) by extension 'colcon_pkg'
[0.156s] Level 1:colcon.colcon_core.package_identification:_identify(/home/bigyun/Desktop/github_repositories/ST_control_ws/src/MasterMACS_pkg/include) by extensions ['colcon_meta']
[0.156s] Level 1:colcon.colcon_core.package_identification:_identify(/home/bigyun/Desktop/github_repositories/ST_control_ws/src/MasterMACS_pkg/include) by extension 'colcon_meta'
[0.156s] Level 1:colcon.colcon_core.package_identification:_identify(/home/bigyun/Desktop/github_repositories/ST_control_ws/src/MasterMACS_pkg/include) by extensions ['ros']
[0.156s] Level 1:colcon.colcon_core.package_identification:_identify(/home/bigyun/Desktop/github_repositories/ST_control_ws/src/MasterMACS_pkg/include) by extension 'ros'
[0.156s] Level 1:colcon.colcon_core.package_identification:_identify(/home/bigyun/Desktop/github_repositories/ST_control_ws/src/MasterMACS_pkg/include) by extensions ['cmake', 'python']
[0.156s] Level 1:colcon.colcon_core.package_identification:_identify(/home/bigyun/Desktop/github_repositories/ST_control_ws/src/MasterMACS_pkg/include) by extension 'cmake'
[0.156s] Level 1:colcon.colcon_core.package_identification:_identify(/home/bigyun/Desktop/github_repositories/ST_control_ws/src/MasterMACS_pkg/include) by extension 'python'
[0.156s] Level 1:colcon.colcon_core.package_identification:_identify(/home/bigyun/Desktop/github_repositories/ST_control_ws/src/MasterMACS_pkg/include) by extensions ['python_setup_py']
[0.156s] Level 1:colcon.colcon_core.package_identification:_identify(/home/bigyun/Desktop/github_repositories/ST_control_ws/src/MasterMACS_pkg/include) by extension 'python_setup_py'
[0.156s] Level 1:colcon.colcon_core.package_identification:_identify(/home/bigyun/Desktop/github_repositories/ST_control_ws/src/MasterMACS_pkg/include/SDK) by extensions ['ignore', 'ignore_ament_install']
[0.156s] Level 1:colcon.colcon_core.package_identification:_identify(/home/bigyun/Desktop/github_repositories/ST_control_ws/src/MasterMACS_pkg/include/SDK) by extension 'ignore'
[0.156s] Level 1:colcon.colcon_core.package_identification:_identify(/home/bigyun/Desktop/github_repositories/ST_control_ws/src/MasterMACS_pkg/include/SDK) by extension 'ignore_ament_install'
[0.156s] Level 1:colcon.colcon_core.package_identification:_identify(/home/bigyun/Desktop/github_repositories/ST_control_ws/src/MasterMACS_pkg/include/SDK) by extensions ['colcon_pkg']
[0.156s] Level 1:colcon.colcon_core.package_identification:_identify(/home/bigyun/Desktop/github_repositories/ST_control_ws/src/MasterMACS_pkg/include/SDK) by extension 'colcon_pkg'
[0.156s] Level 1:colcon.colcon_core.package_identification:_identify(/home/bigyun/Desktop/github_repositories/ST_control_ws/src/MasterMACS_pkg/include/SDK) by extensions ['colcon_meta']
[0.156s] Level 1:colcon.colcon_core.package_identification:_identify(/home/bigyun/Desktop/github_repositories/ST_control_ws/src/MasterMACS_pkg/include/SDK) by extension 'colcon_meta'
[0.156s] Level 1:colcon.colcon_core.package_identification:_identify(/home/bigyun/Desktop/github_repositories/ST_control_ws/src/MasterMACS_pkg/include/SDK) by extensions ['ros']
[0.156s] Level 1:colcon.colcon_core.package_identification:_identify(/home/bigyun/Desktop/github_repositories/ST_control_ws/src/MasterMACS_pkg/include/SDK) by extension 'ros'
[0.156s] Level 1:colcon.colcon_core.package_identification:_identify(/home/bigyun/Desktop/github_repositories/ST_control_ws/src/MasterMACS_pkg/include/SDK) by extensions ['cmake', 'python']
[0.156s] Level 1:colcon.colcon_core.package_identification:_identify(/home/bigyun/Desktop/github_repositories/ST_control_ws/src/MasterMACS_pkg/include/SDK) by extension 'cmake'
[0.156s] Level 1:colcon.colcon_core.package_identification:_identify(/home/bigyun/Desktop/github_repositories/ST_control_ws/src/MasterMACS_pkg/include/SDK) by extension 'python'
[0.156s] Level 1:colcon.colcon_core.package_identification:_identify(/home/bigyun/Desktop/github_repositories/ST_control_ws/src/MasterMACS_pkg/include/SDK) by extensions ['python_setup_py']
[0.156s] Level 1:colcon.colcon_core.package_identification:_identify(/home/bigyun/Desktop/github_repositories/ST_control_ws/src/MasterMACS_pkg/include/SDK) by extension 'python_setup_py'
[0.156s] Level 1:colcon.colcon_core.package_identification:_identify(/home/bigyun/Desktop/github_repositories/ST_control_ws/src/MasterMACS_pkg/include/SDK/Amplifier) by extensions ['ignore', 'ignore_ament_install']
[0.156s] Level 1:colcon.colcon_core.package_identification:_identify(/home/bigyun/Desktop/github_repositories/ST_control_ws/src/MasterMACS_pkg/include/SDK/Amplifier) by extension 'ignore'
[0.156s] Level 1:colcon.colcon_core.package_identification:_identify(/home/bigyun/Desktop/github_repositories/ST_control_ws/src/MasterMACS_pkg/include/SDK/Amplifier) by extension 'ignore_ament_install'
[0.156s] Level 1:colcon.colcon_core.package_identification:_identify(/home/bigyun/Desktop/github_repositories/ST_control_ws/src/MasterMACS_pkg/include/SDK/Amplifier) by extensions ['colcon_pkg']
[0.156s] Level 1:colcon.colcon_core.package_identification:_identify(/home/bigyun/Desktop/github_repositories/ST_control_ws/src/MasterMACS_pkg/include/SDK/Amplifier) by extension 'colcon_pkg'
[0.156s] Level 1:colcon.colcon_core.package_identification:_identify(/home/bigyun/Desktop/github_repositories/ST_control_ws/src/MasterMACS_pkg/include/SDK/Amplifier) by extensions ['colcon_meta']
[0.156s] Level 1:colcon.colcon_core.package_identification:_identify(/home/bigyun/Desktop/github_repositories/ST_control_ws/src/MasterMACS_pkg/include/SDK/Amplifier) by extension 'colcon_meta'
[0.156s] Level 1:colcon.colcon_core.package_identification:_identify(/home/bigyun/Desktop/github_repositories/ST_control_ws/src/MasterMACS_pkg/include/SDK/Amplifier) by extensions ['ros']
[0.156s] Level 1:colcon.colcon_core.package_identification:_identify(/home/bigyun/Desktop/github_repositories/ST_control_ws/src/MasterMACS_pkg/include/SDK/Amplifier) by extension 'ros'
[0.156s] Level 1:colcon.colcon_core.package_identification:_identify(/home/bigyun/Desktop/github_repositories/ST_control_ws/src/MasterMACS_pkg/include/SDK/Amplifier) by extensions ['cmake', 'python']
[0.156s] Level 1:colcon.colcon_core.package_identification:_identify(/home/bigyun/Desktop/github_repositories/ST_control_ws/src/MasterMACS_pkg/include/SDK/Amplifier) by extension 'cmake'
[0.156s] Level 1:colcon.colcon_core.package_identification:_identify(/home/bigyun/Desktop/github_repositories/ST_control_ws/src/MasterMACS_pkg/include/SDK/Amplifier) by extension 'python'
[0.156s] Level 1:colcon.colcon_core.package_identification:_identify(/home/bigyun/Desktop/github_repositories/ST_control_ws/src/MasterMACS_pkg/include/SDK/Amplifier) by extensions ['python_setup_py']
[0.156s] Level 1:colcon.colcon_core.package_identification:_identify(/home/bigyun/Desktop/github_repositories/ST_control_ws/src/MasterMACS_pkg/include/SDK/Amplifier) by extension 'python_setup_py'
[0.156s] Level 1:colcon.colcon_core.package_identification:_identify(/home/bigyun/Desktop/github_repositories/ST_control_ws/src/MasterMACS_pkg/include/SDK/Axis) by extensions ['ignore', 'ignore_ament_install']
[0.156s] Level 1:colcon.colcon_core.package_identification:_identify(/home/bigyun/Desktop/github_repositories/ST_control_ws/src/MasterMACS_pkg/include/SDK/Axis) by extension 'ignore'
[0.156s] Level 1:colcon.colcon_core.package_identification:_identify(/home/bigyun/Desktop/github_repositories/ST_control_ws/src/MasterMACS_pkg/include/SDK/Axis) by extension 'ignore_ament_install'
[0.156s] Level 1:colcon.colcon_core.package_identification:_identify(/home/bigyun/Desktop/github_repositories/ST_control_ws/src/MasterMACS_pkg/include/SDK/Axis) by extensions ['colcon_pkg']
[0.156s] Level 1:colcon.colcon_core.package_identification:_identify(/home/bigyun/Desktop/github_repositories/ST_control_ws/src/MasterMACS_pkg/include/SDK/Axis) by extension 'colcon_pkg'
[0.156s] Level 1:colcon.colcon_core.package_identification:_identify(/home/bigyun/Desktop/github_repositories/ST_control_ws/src/MasterMACS_pkg/include/SDK/Axis) by extensions ['colcon_meta']
[0.156s] Level 1:colcon.colcon_core.package_identification:_identify(/home/bigyun/Desktop/github_repositories/ST_control_ws/src/MasterMACS_pkg/include/SDK/Axis) by extension 'colcon_meta'
[0.157s] Level 1:colcon.colcon_core.package_identification:_identify(/home/bigyun/Desktop/github_repositories/ST_control_ws/src/MasterMACS_pkg/include/SDK/Axis) by extensions ['ros']
[0.157s] Level 1:colcon.colcon_core.package_identification:_identify(/home/bigyun/Desktop/github_repositories/ST_control_ws/src/MasterMACS_pkg/include/SDK/Axis) by extension 'ros'
[0.157s] Level 1:colcon.colcon_core.package_identification:_identify(/home/bigyun/Desktop/github_repositories/ST_control_ws/src/MasterMACS_pkg/include/SDK/Axis) by extensions ['cmake', 'python']
[0.157s] Level 1:colcon.colcon_core.package_identification:_identify(/home/bigyun/Desktop/github_repositories/ST_control_ws/src/MasterMACS_pkg/include/SDK/Axis) by extension 'cmake'
[0.157s] Level 1:colcon.colcon_core.package_identification:_identify(/home/bigyun/Desktop/github_repositories/ST_control_ws/src/MasterMACS_pkg/include/SDK/Axis) by extension 'python'
[0.157s] Level 1:colcon.colcon_core.package_identification:_identify(/home/bigyun/Desktop/github_repositories/ST_control_ws/src/MasterMACS_pkg/include/SDK/Axis) by extensions ['python_setup_py']
[0.157s] Level 1:colcon.colcon_core.package_identification:_identify(/home/bigyun/Desktop/github_repositories/ST_control_ws/src/MasterMACS_pkg/include/SDK/Axis) by extension 'python_setup_py'
[0.157s] Level 1:colcon.colcon_core.package_identification:_identify(/home/bigyun/Desktop/github_repositories/ST_control_ws/src/MasterMACS_pkg/include/SDK/BusSystem) by extensions ['ignore', 'ignore_ament_install']
[0.157s] Level 1:colcon.colcon_core.package_identification:_identify(/home/bigyun/Desktop/github_repositories/ST_control_ws/src/MasterMACS_pkg/include/SDK/BusSystem) by extension 'ignore'
[0.157s] Level 1:colcon.colcon_core.package_identification:_identify(/home/bigyun/Desktop/github_repositories/ST_control_ws/src/MasterMACS_pkg/include/SDK/BusSystem) by extension 'ignore_ament_install'
[0.157s] Level 1:colcon.colcon_core.package_identification:_identify(/home/bigyun/Desktop/github_repositories/ST_control_ws/src/MasterMACS_pkg/include/SDK/BusSystem) by extensions ['colcon_pkg']
[0.157s] Level 1:colcon.colcon_core.package_identification:_identify(/home/bigyun/Desktop/github_repositories/ST_control_ws/src/MasterMACS_pkg/include/SDK/BusSystem) by extension 'colcon_pkg'
[0.157s] Level 1:colcon.colcon_core.package_identification:_identify(/home/bigyun/Desktop/github_repositories/ST_control_ws/src/MasterMACS_pkg/include/SDK/BusSystem) by extensions ['colcon_meta']
[0.157s] Level 1:colcon.colcon_core.package_identification:_identify(/home/bigyun/Desktop/github_repositories/ST_control_ws/src/MasterMACS_pkg/include/SDK/BusSystem) by extension 'colcon_meta'
[0.157s] Level 1:colcon.colcon_core.package_identification:_identify(/home/bigyun/Desktop/github_repositories/ST_control_ws/src/MasterMACS_pkg/include/SDK/BusSystem) by extensions ['ros']
[0.157s] Level 1:colcon.colcon_core.package_identification:_identify(/home/bigyun/Desktop/github_repositories/ST_control_ws/src/MasterMACS_pkg/include/SDK/BusSystem) by extension 'ros'
[0.157s] Level 1:colcon.colcon_core.package_identification:_identify(/home/bigyun/Desktop/github_repositories/ST_control_ws/src/MasterMACS_pkg/include/SDK/BusSystem) by extensions ['cmake', 'python']
[0.157s] Level 1:colcon.colcon_core.package_identification:_identify(/home/bigyun/Desktop/github_repositories/ST_control_ws/src/MasterMACS_pkg/include/SDK/BusSystem) by extension 'cmake'
[0.157s] Level 1:colcon.colcon_core.package_identification:_identify(/home/bigyun/Desktop/github_repositories/ST_control_ws/src/MasterMACS_pkg/include/SDK/BusSystem) by extension 'python'
[0.157s] Level 1:colcon.colcon_core.package_identification:_identify(/home/bigyun/Desktop/github_repositories/ST_control_ws/src/MasterMACS_pkg/include/SDK/BusSystem) by extensions ['python_setup_py']
[0.157s] Level 1:colcon.colcon_core.package_identification:_identify(/home/bigyun/Desktop/github_repositories/ST_control_ws/src/MasterMACS_pkg/include/SDK/BusSystem) by extension 'python_setup_py'
[0.157s] Level 1:colcon.colcon_core.package_identification:_identify(/home/bigyun/Desktop/github_repositories/ST_control_ws/src/MasterMACS_pkg/include/SDK/Communication) by extensions ['ignore', 'ignore_ament_install']
[0.157s] Level 1:colcon.colcon_core.package_identification:_identify(/home/bigyun/Desktop/github_repositories/ST_control_ws/src/MasterMACS_pkg/include/SDK/Communication) by extension 'ignore'
[0.157s] Level 1:colcon.colcon_core.package_identification:_identify(/home/bigyun/Desktop/github_repositories/ST_control_ws/src/MasterMACS_pkg/include/SDK/Communication) by extension 'ignore_ament_install'
[0.157s] Level 1:colcon.colcon_core.package_identification:_identify(/home/bigyun/Desktop/github_repositories/ST_control_ws/src/MasterMACS_pkg/include/SDK/Communication) by extensions ['colcon_pkg']
[0.157s] Level 1:colcon.colcon_core.package_identification:_identify(/home/bigyun/Desktop/github_repositories/ST_control_ws/src/MasterMACS_pkg/include/SDK/Communication) by extension 'colcon_pkg'
[0.157s] Level 1:colcon.colcon_core.package_identification:_identify(/home/bigyun/Desktop/github_repositories/ST_control_ws/src/MasterMACS_pkg/include/SDK/Communication) by extensions ['colcon_meta']
[0.157s] Level 1:colcon.colcon_core.package_identification:_identify(/home/bigyun/Desktop/github_repositories/ST_control_ws/src/MasterMACS_pkg/include/SDK/Communication) by extension 'colcon_meta'
[0.157s] Level 1:colcon.colcon_core.package_identification:_identify(/home/bigyun/Desktop/github_repositories/ST_control_ws/src/MasterMACS_pkg/include/SDK/Communication) by extensions ['ros']
[0.157s] Level 1:colcon.colcon_core.package_identification:_identify(/home/bigyun/Desktop/github_repositories/ST_control_ws/src/MasterMACS_pkg/include/SDK/Communication) by extension 'ros'
[0.157s] Level 1:colcon.colcon_core.package_identification:_identify(/home/bigyun/Desktop/github_repositories/ST_control_ws/src/MasterMACS_pkg/include/SDK/Communication) by extensions ['cmake', 'python']
[0.157s] Level 1:colcon.colcon_core.package_identification:_identify(/home/bigyun/Desktop/github_repositories/ST_control_ws/src/MasterMACS_pkg/include/SDK/Communication) by extension 'cmake'
[0.157s] Level 1:colcon.colcon_core.package_identification:_identify(/home/bigyun/Desktop/github_repositories/ST_control_ws/src/MasterMACS_pkg/include/SDK/Communication) by extension 'python'
[0.157s] Level 1:colcon.colcon_core.package_identification:_identify(/home/bigyun/Desktop/github_repositories/ST_control_ws/src/MasterMACS_pkg/include/SDK/Communication) by extensions ['python_setup_py']
[0.157s] Level 1:colcon.colcon_core.package_identification:_identify(/home/bigyun/Desktop/github_repositories/ST_control_ws/src/MasterMACS_pkg/include/SDK/Communication) by extension 'python_setup_py'
[0.157s] Level 1:colcon.colcon_core.package_identification:_identify(/home/bigyun/Desktop/github_repositories/ST_control_ws/src/MasterMACS_pkg/include/SDK/Encoder) by extensions ['ignore', 'ignore_ament_install']
[0.157s] Level 1:colcon.colcon_core.package_identification:_identify(/home/bigyun/Desktop/github_repositories/ST_control_ws/src/MasterMACS_pkg/include/SDK/Encoder) by extension 'ignore'
[0.157s] Level 1:colcon.colcon_core.package_identification:_identify(/home/bigyun/Desktop/github_repositories/ST_control_ws/src/MasterMACS_pkg/include/SDK/Encoder) by extension 'ignore_ament_install'
[0.157s] Level 1:colcon.colcon_core.package_identification:_identify(/home/bigyun/Desktop/github_repositories/ST_control_ws/src/MasterMACS_pkg/include/SDK/Encoder) by extensions ['colcon_pkg']
[0.157s] Level 1:colcon.colcon_core.package_identification:_identify(/home/bigyun/Desktop/github_repositories/ST_control_ws/src/MasterMACS_pkg/include/SDK/Encoder) by extension 'colcon_pkg'
[0.157s] Level 1:colcon.colcon_core.package_identification:_identify(/home/bigyun/Desktop/github_repositories/ST_control_ws/src/MasterMACS_pkg/include/SDK/Encoder) by extensions ['colcon_meta']
[0.157s] Level 1:colcon.colcon_core.package_identification:_identify(/home/bigyun/Desktop/github_repositories/ST_control_ws/src/MasterMACS_pkg/include/SDK/Encoder) by extension 'colcon_meta'
[0.157s] Level 1:colcon.colcon_core.package_identification:_identify(/home/bigyun/Desktop/github_repositories/ST_control_ws/src/MasterMACS_pkg/include/SDK/Encoder) by extensions ['ros']
[0.157s] Level 1:colcon.colcon_core.package_identification:_identify(/home/bigyun/Desktop/github_repositories/ST_control_ws/src/MasterMACS_pkg/include/SDK/Encoder) by extension 'ros'
[0.157s] Level 1:colcon.colcon_core.package_identification:_identify(/home/bigyun/Desktop/github_repositories/ST_control_ws/src/MasterMACS_pkg/include/SDK/Encoder) by extensions ['cmake', 'python']
[0.157s] Level 1:colcon.colcon_core.package_identification:_identify(/home/bigyun/Desktop/github_repositories/ST_control_ws/src/MasterMACS_pkg/include/SDK/Encoder) by extension 'cmake'
[0.157s] Level 1:colcon.colcon_core.package_identification:_identify(/home/bigyun/Desktop/github_repositories/ST_control_ws/src/MasterMACS_pkg/include/SDK/Encoder) by extension 'python'
[0.157s] Level 1:colcon.colcon_core.package_identification:_identify(/home/bigyun/Desktop/github_repositories/ST_control_ws/src/MasterMACS_pkg/include/SDK/Encoder) by extensions ['python_setup_py']
[0.157s] Level 1:colcon.colcon_core.package_identification:_identify(/home/bigyun/Desktop/github_repositories/ST_control_ws/src/MasterMACS_pkg/include/SDK/Encoder) by extension 'python_setup_py'
[0.158s] Level 1:colcon.colcon_core.package_identification:_identify(/home/bigyun/Desktop/github_repositories/ST_control_ws/src/MasterMACS_pkg/include/SDK/Information) by extensions ['ignore', 'ignore_ament_install']
[0.158s] Level 1:colcon.colcon_core.package_identification:_identify(/home/bigyun/Desktop/github_repositories/ST_control_ws/src/MasterMACS_pkg/include/SDK/Information) by extension 'ignore'
[0.158s] Level 1:colcon.colcon_core.package_identification:_identify(/home/bigyun/Desktop/github_repositories/ST_control_ws/src/MasterMACS_pkg/include/SDK/Information) by extension 'ignore_ament_install'
[0.158s] Level 1:colcon.colcon_core.package_identification:_identify(/home/bigyun/Desktop/github_repositories/ST_control_ws/src/MasterMACS_pkg/include/SDK/Information) by extensions ['colcon_pkg']
[0.158s] Level 1:colcon.colcon_core.package_identification:_identify(/home/bigyun/Desktop/github_repositories/ST_control_ws/src/MasterMACS_pkg/include/SDK/Information) by extension 'colcon_pkg'
[0.158s] Level 1:colcon.colcon_core.package_identification:_identify(/home/bigyun/Desktop/github_repositories/ST_control_ws/src/MasterMACS_pkg/include/SDK/Information) by extensions ['colcon_meta']
[0.158s] Level 1:colcon.colcon_core.package_identification:_identify(/home/bigyun/Desktop/github_repositories/ST_control_ws/src/MasterMACS_pkg/include/SDK/Information) by extension 'colcon_meta'
[0.158s] Level 1:colcon.colcon_core.package_identification:_identify(/home/bigyun/Desktop/github_repositories/ST_control_ws/src/MasterMACS_pkg/include/SDK/Information) by extensions ['ros']
[0.158s] Level 1:colcon.colcon_core.package_identification:_identify(/home/bigyun/Desktop/github_repositories/ST_control_ws/src/MasterMACS_pkg/include/SDK/Information) by extension 'ros'
[0.158s] Level 1:colcon.colcon_core.package_identification:_identify(/home/bigyun/Desktop/github_repositories/ST_control_ws/src/MasterMACS_pkg/include/SDK/Information) by extensions ['cmake', 'python']
[0.158s] Level 1:colcon.colcon_core.package_identification:_identify(/home/bigyun/Desktop/github_repositories/ST_control_ws/src/MasterMACS_pkg/include/SDK/Information) by extension 'cmake'
[0.158s] Level 1:colcon.colcon_core.package_identification:_identify(/home/bigyun/Desktop/github_repositories/ST_control_ws/src/MasterMACS_pkg/include/SDK/Information) by extension 'python'
[0.158s] Level 1:colcon.colcon_core.package_identification:_identify(/home/bigyun/Desktop/github_repositories/ST_control_ws/src/MasterMACS_pkg/include/SDK/Information) by extensions ['python_setup_py']
[0.158s] Level 1:colcon.colcon_core.package_identification:_identify(/home/bigyun/Desktop/github_repositories/ST_control_ws/src/MasterMACS_pkg/include/SDK/Information) by extension 'python_setup_py'
[0.158s] Level 1:colcon.colcon_core.package_identification:_identify(/home/bigyun/Desktop/github_repositories/ST_control_ws/src/MasterMACS_pkg/include/SDK/Kinematics) by extensions ['ignore', 'ignore_ament_install']
[0.158s] Level 1:colcon.colcon_core.package_identification:_identify(/home/bigyun/Desktop/github_repositories/ST_control_ws/src/MasterMACS_pkg/include/SDK/Kinematics) by extension 'ignore'
[0.158s] Level 1:colcon.colcon_core.package_identification:_identify(/home/bigyun/Desktop/github_repositories/ST_control_ws/src/MasterMACS_pkg/include/SDK/Kinematics) by extension 'ignore_ament_install'
[0.158s] Level 1:colcon.colcon_core.package_identification:_identify(/home/bigyun/Desktop/github_repositories/ST_control_ws/src/MasterMACS_pkg/include/SDK/Kinematics) by extensions ['colcon_pkg']
[0.158s] Level 1:colcon.colcon_core.package_identification:_identify(/home/bigyun/Desktop/github_repositories/ST_control_ws/src/MasterMACS_pkg/include/SDK/Kinematics) by extension 'colcon_pkg'
[0.158s] Level 1:colcon.colcon_core.package_identification:_identify(/home/bigyun/Desktop/github_repositories/ST_control_ws/src/MasterMACS_pkg/include/SDK/Kinematics) by extensions ['colcon_meta']
[0.158s] Level 1:colcon.colcon_core.package_identification:_identify(/home/bigyun/Desktop/github_repositories/ST_control_ws/src/MasterMACS_pkg/include/SDK/Kinematics) by extension 'colcon_meta'
[0.158s] Level 1:colcon.colcon_core.package_identification:_identify(/home/bigyun/Desktop/github_repositories/ST_control_ws/src/MasterMACS_pkg/include/SDK/Kinematics) by extensions ['ros']
[0.158s] Level 1:colcon.colcon_core.package_identification:_identify(/home/bigyun/Desktop/github_repositories/ST_control_ws/src/MasterMACS_pkg/include/SDK/Kinematics) by extension 'ros'
[0.158s] Level 1:colcon.colcon_core.package_identification:_identify(/home/bigyun/Desktop/github_repositories/ST_control_ws/src/MasterMACS_pkg/include/SDK/Kinematics) by extensions ['cmake', 'python']
[0.158s] Level 1:colcon.colcon_core.package_identification:_identify(/home/bigyun/Desktop/github_repositories/ST_control_ws/src/MasterMACS_pkg/include/SDK/Kinematics) by extension 'cmake'
[0.158s] Level 1:colcon.colcon_core.package_identification:_identify(/home/bigyun/Desktop/github_repositories/ST_control_ws/src/MasterMACS_pkg/include/SDK/Kinematics) by extension 'python'
[0.158s] Level 1:colcon.colcon_core.package_identification:_identify(/home/bigyun/Desktop/github_repositories/ST_control_ws/src/MasterMACS_pkg/include/SDK/Kinematics) by extensions ['python_setup_py']
[0.158s] Level 1:colcon.colcon_core.package_identification:_identify(/home/bigyun/Desktop/github_repositories/ST_control_ws/src/MasterMACS_pkg/include/SDK/Kinematics) by extension 'python_setup_py'
[0.158s] Level 1:colcon.colcon_core.package_identification:_identify(/home/bigyun/Desktop/github_repositories/ST_control_ws/src/MasterMACS_pkg/include/SDK/Miscellaneous) by extensions ['ignore', 'ignore_ament_install']
[0.158s] Level 1:colcon.colcon_core.package_identification:_identify(/home/bigyun/Desktop/github_repositories/ST_control_ws/src/MasterMACS_pkg/include/SDK/Miscellaneous) by extension 'ignore'
[0.158s] Level 1:colcon.colcon_core.package_identification:_identify(/home/bigyun/Desktop/github_repositories/ST_control_ws/src/MasterMACS_pkg/include/SDK/Miscellaneous) by extension 'ignore_ament_install'
[0.158s] Level 1:colcon.colcon_core.package_identification:_identify(/home/bigyun/Desktop/github_repositories/ST_control_ws/src/MasterMACS_pkg/include/SDK/Miscellaneous) by extensions ['colcon_pkg']
[0.158s] Level 1:colcon.colcon_core.package_identification:_identify(/home/bigyun/Desktop/github_repositories/ST_control_ws/src/MasterMACS_pkg/include/SDK/Miscellaneous) by extension 'colcon_pkg'
[0.158s] Level 1:colcon.colcon_core.package_identification:_identify(/home/bigyun/Desktop/github_repositories/ST_control_ws/src/MasterMACS_pkg/include/SDK/Miscellaneous) by extensions ['colcon_meta']
[0.158s] Level 1:colcon.colcon_core.package_identification:_identify(/home/bigyun/Desktop/github_repositories/ST_control_ws/src/MasterMACS_pkg/include/SDK/Miscellaneous) by extension 'colcon_meta'
[0.158s] Level 1:colcon.colcon_core.package_identification:_identify(/home/bigyun/Desktop/github_repositories/ST_control_ws/src/MasterMACS_pkg/include/SDK/Miscellaneous) by extensions ['ros']
[0.158s] Level 1:colcon.colcon_core.package_identification:_identify(/home/bigyun/Desktop/github_repositories/ST_control_ws/src/MasterMACS_pkg/include/SDK/Miscellaneous) by extension 'ros'
[0.158s] Level 1:colcon.colcon_core.package_identification:_identify(/home/bigyun/Desktop/github_repositories/ST_control_ws/src/MasterMACS_pkg/include/SDK/Miscellaneous) by extensions ['cmake', 'python']
[0.158s] Level 1:colcon.colcon_core.package_identification:_identify(/home/bigyun/Desktop/github_repositories/ST_control_ws/src/MasterMACS_pkg/include/SDK/Miscellaneous) by extension 'cmake'
[0.158s] Level 1:colcon.colcon_core.package_identification:_identify(/home/bigyun/Desktop/github_repositories/ST_control_ws/src/MasterMACS_pkg/include/SDK/Miscellaneous) by extension 'python'
[0.158s] Level 1:colcon.colcon_core.package_identification:_identify(/home/bigyun/Desktop/github_repositories/ST_control_ws/src/MasterMACS_pkg/include/SDK/Miscellaneous) by extensions ['python_setup_py']
[0.158s] Level 1:colcon.colcon_core.package_identification:_identify(/home/bigyun/Desktop/github_repositories/ST_control_ws/src/MasterMACS_pkg/include/SDK/Miscellaneous) by extension 'python_setup_py'
[0.158s] Level 1:colcon.colcon_core.package_identification:_identify(/home/bigyun/Desktop/github_repositories/ST_control_ws/src/MasterMACS_pkg/include/SDK/Motion) by extensions ['ignore', 'ignore_ament_install']
[0.158s] Level 1:colcon.colcon_core.package_identification:_identify(/home/bigyun/Desktop/github_repositories/ST_control_ws/src/MasterMACS_pkg/include/SDK/Motion) by extension 'ignore'
[0.158s] Level 1:colcon.colcon_core.package_identification:_identify(/home/bigyun/Desktop/github_repositories/ST_control_ws/src/MasterMACS_pkg/include/SDK/Motion) by extension 'ignore_ament_install'
[0.159s] Level 1:colcon.colcon_core.package_identification:_identify(/home/bigyun/Desktop/github_repositories/ST_control_ws/src/MasterMACS_pkg/include/SDK/Motion) by extensions ['colcon_pkg']
[0.159s] Level 1:colcon.colcon_core.package_identification:_identify(/home/bigyun/Desktop/github_repositories/ST_control_ws/src/MasterMACS_pkg/include/SDK/Motion) by extension 'colcon_pkg'
[0.159s] Level 1:colcon.colcon_core.package_identification:_identify(/home/bigyun/Desktop/github_repositories/ST_control_ws/src/MasterMACS_pkg/include/SDK/Motion) by extensions ['colcon_meta']
[0.159s] Level 1:colcon.colcon_core.package_identification:_identify(/home/bigyun/Desktop/github_repositories/ST_control_ws/src/MasterMACS_pkg/include/SDK/Motion) by extension 'colcon_meta'
[0.159s] Level 1:colcon.colcon_core.package_identification:_identify(/home/bigyun/Desktop/github_repositories/ST_control_ws/src/MasterMACS_pkg/include/SDK/Motion) by extensions ['ros']
[0.159s] Level 1:colcon.colcon_core.package_identification:_identify(/home/bigyun/Desktop/github_repositories/ST_control_ws/src/MasterMACS_pkg/include/SDK/Motion) by extension 'ros'
[0.159s] Level 1:colcon.colcon_core.package_identification:_identify(/home/bigyun/Desktop/github_repositories/ST_control_ws/src/MasterMACS_pkg/include/SDK/Motion) by extensions ['cmake', 'python']
[0.159s] Level 1:colcon.colcon_core.package_identification:_identify(/home/bigyun/Desktop/github_repositories/ST_control_ws/src/MasterMACS_pkg/include/SDK/Motion) by extension 'cmake'
[0.159s] Level 1:colcon.colcon_core.package_identification:_identify(/home/bigyun/Desktop/github_repositories/ST_control_ws/src/MasterMACS_pkg/include/SDK/Motion) by extension 'python'
[0.159s] Level 1:colcon.colcon_core.package_identification:_identify(/home/bigyun/Desktop/github_repositories/ST_control_ws/src/MasterMACS_pkg/include/SDK/Motion) by extensions ['python_setup_py']
[0.159s] Level 1:colcon.colcon_core.package_identification:_identify(/home/bigyun/Desktop/github_repositories/ST_control_ws/src/MasterMACS_pkg/include/SDK/Motion) by extension 'python_setup_py'
[0.159s] Level 1:colcon.colcon_core.package_identification:_identify(/home/bigyun/Desktop/github_repositories/ST_control_ws/src/MasterMACS_pkg/include/SDK/VirtualModule) by extensions ['ignore', 'ignore_ament_install']
[0.159s] Level 1:colcon.colcon_core.package_identification:_identify(/home/bigyun/Desktop/github_repositories/ST_control_ws/src/MasterMACS_pkg/include/SDK/VirtualModule) by extension 'ignore'
[0.159s] Level 1:colcon.colcon_core.package_identification:_identify(/home/bigyun/Desktop/github_repositories/ST_control_ws/src/MasterMACS_pkg/include/SDK/VirtualModule) by extension 'ignore_ament_install'
[0.159s] Level 1:colcon.colcon_core.package_identification:_identify(/home/bigyun/Desktop/github_repositories/ST_control_ws/src/MasterMACS_pkg/include/SDK/VirtualModule) by extensions ['colcon_pkg']
[0.159s] Level 1:colcon.colcon_core.package_identification:_identify(/home/bigyun/Desktop/github_repositories/ST_control_ws/src/MasterMACS_pkg/include/SDK/VirtualModule) by extension 'colcon_pkg'
[0.159s] Level 1:colcon.colcon_core.package_identification:_identify(/home/bigyun/Desktop/github_repositories/ST_control_ws/src/MasterMACS_pkg/include/SDK/VirtualModule) by extensions ['colcon_meta']
[0.159s] Level 1:colcon.colcon_core.package_identification:_identify(/home/bigyun/Desktop/github_repositories/ST_control_ws/src/MasterMACS_pkg/include/SDK/VirtualModule) by extension 'colcon_meta'
[0.159s] Level 1:colcon.colcon_core.package_identification:_identify(/home/bigyun/Desktop/github_repositories/ST_control_ws/src/MasterMACS_pkg/include/SDK/VirtualModule) by extensions ['ros']
[0.159s] Level 1:colcon.colcon_core.package_identification:_identify(/home/bigyun/Desktop/github_repositories/ST_control_ws/src/MasterMACS_pkg/include/SDK/VirtualModule) by extension 'ros'
[0.159s] Level 1:colcon.colcon_core.package_identification:_identify(/home/bigyun/Desktop/github_repositories/ST_control_ws/src/MasterMACS_pkg/include/SDK/VirtualModule) by extensions ['cmake', 'python']
[0.159s] Level 1:colcon.colcon_core.package_identification:_identify(/home/bigyun/Desktop/github_repositories/ST_control_ws/src/MasterMACS_pkg/include/SDK/VirtualModule) by extension 'cmake'
[0.159s] Level 1:colcon.colcon_core.package_identification:_identify(/home/bigyun/Desktop/github_repositories/ST_control_ws/src/MasterMACS_pkg/include/SDK/VirtualModule) by extension 'python'
[0.159s] Level 1:colcon.colcon_core.package_identification:_identify(/home/bigyun/Desktop/github_repositories/ST_control_ws/src/MasterMACS_pkg/include/SDK/VirtualModule) by extensions ['python_setup_py']
[0.159s] Level 1:colcon.colcon_core.package_identification:_identify(/home/bigyun/Desktop/github_repositories/ST_control_ws/src/MasterMACS_pkg/include/SDK/VirtualModule) by extension 'python_setup_py'
[0.159s] Level 1:colcon.colcon_core.package_identification:_identify(/home/bigyun/Desktop/github_repositories/ST_control_ws/src/MasterMACS_pkg/include/maxon___Zub_MasterMACS_최신_펌웨어_전달(맥슨모터코리아)) by extensions ['ignore', 'ignore_ament_install']
[0.159s] Level 1:colcon.colcon_core.package_identification:_identify(/home/bigyun/Desktop/github_repositories/ST_control_ws/src/MasterMACS_pkg/include/maxon___Zub_MasterMACS_최신_펌웨어_전달(맥슨모터코리아)) by extension 'ignore'
[0.159s] Level 1:colcon.colcon_core.package_identification:_identify(/home/bigyun/Desktop/github_repositories/ST_control_ws/src/MasterMACS_pkg/include/maxon___Zub_MasterMACS_최신_펌웨어_전달(맥슨모터코리아)) by extension 'ignore_ament_install'
[0.159s] Level 1:colcon.colcon_core.package_identification:_identify(/home/bigyun/Desktop/github_repositories/ST_control_ws/src/MasterMACS_pkg/include/maxon___Zub_MasterMACS_최신_펌웨어_전달(맥슨모터코리아)) by extensions ['colcon_pkg']
[0.159s] Level 1:colcon.colcon_core.package_identification:_identify(/home/bigyun/Desktop/github_repositories/ST_control_ws/src/MasterMACS_pkg/include/maxon___Zub_MasterMACS_최신_펌웨어_전달(맥슨모터코리아)) by extension 'colcon_pkg'
[0.159s] Level 1:colcon.colcon_core.package_identification:_identify(/home/bigyun/Desktop/github_repositories/ST_control_ws/src/MasterMACS_pkg/include/maxon___Zub_MasterMACS_최신_펌웨어_전달(맥슨모터코리아)) by extensions ['colcon_meta']
[0.159s] Level 1:colcon.colcon_core.package_identification:_identify(/home/bigyun/Desktop/github_repositories/ST_control_ws/src/MasterMACS_pkg/include/maxon___Zub_MasterMACS_최신_펌웨어_전달(맥슨모터코리아)) by extension 'colcon_meta'
[0.159s] Level 1:colcon.colcon_core.package_identification:_identify(/home/bigyun/Desktop/github_repositories/ST_control_ws/src/MasterMACS_pkg/include/maxon___Zub_MasterMACS_최신_펌웨어_전달(맥슨모터코리아)) by extensions ['ros']
[0.159s] Level 1:colcon.colcon_core.package_identification:_identify(/home/bigyun/Desktop/github_repositories/ST_control_ws/src/MasterMACS_pkg/include/maxon___Zub_MasterMACS_최신_펌웨어_전달(맥슨모터코리아)) by extension 'ros'
[0.159s] Level 1:colcon.colcon_core.package_identification:_identify(/home/bigyun/Desktop/github_repositories/ST_control_ws/src/MasterMACS_pkg/include/maxon___Zub_MasterMACS_최신_펌웨어_전달(맥슨모터코리아)) by extensions ['cmake', 'python']
[0.159s] Level 1:colcon.colcon_core.package_identification:_identify(/home/bigyun/Desktop/github_repositories/ST_control_ws/src/MasterMACS_pkg/include/maxon___Zub_MasterMACS_최신_펌웨어_전달(맥슨모터코리아)) by extension 'cmake'
[0.159s] Level 1:colcon.colcon_core.package_identification:_identify(/home/bigyun/Desktop/github_repositories/ST_control_ws/src/MasterMACS_pkg/include/maxon___Zub_MasterMACS_최신_펌웨어_전달(맥슨모터코리아)) by extension 'python'
[0.159s] Level 1:colcon.colcon_core.package_identification:_identify(/home/bigyun/Desktop/github_repositories/ST_control_ws/src/MasterMACS_pkg/include/maxon___Zub_MasterMACS_최신_펌웨어_전달(맥슨모터코리아)) by extensions ['python_setup_py']
[0.159s] Level 1:colcon.colcon_core.package_identification:_identify(/home/bigyun/Desktop/github_repositories/ST_control_ws/src/MasterMACS_pkg/include/maxon___Zub_MasterMACS_최신_펌웨어_전달(맥슨모터코리아)) by extension 'python_setup_py'
[0.159s] Level 1:colcon.colcon_core.package_identification:_identify(/home/bigyun/Desktop/github_repositories/ST_control_ws/src/MasterMACS_pkg/sample code) by extensions ['ignore', 'ignore_ament_install']
[0.159s] Level 1:colcon.colcon_core.package_identification:_identify(/home/bigyun/Desktop/github_repositories/ST_control_ws/src/MasterMACS_pkg/sample code) by extension 'ignore'
[0.159s] Level 1:colcon.colcon_core.package_identification:_identify(/home/bigyun/Desktop/github_repositories/ST_control_ws/src/MasterMACS_pkg/sample code) by extension 'ignore_ament_install'
[0.159s] Level 1:colcon.colcon_core.package_identification:_identify(/home/bigyun/Desktop/github_repositories/ST_control_ws/src/MasterMACS_pkg/sample code) by extensions ['colcon_pkg']
[0.159s] Level 1:colcon.colcon_core.package_identification:_identify(/home/bigyun/Desktop/github_repositories/ST_control_ws/src/MasterMACS_pkg/sample code) by extension 'colcon_pkg'
[0.159s] Level 1:colcon.colcon_core.package_identification:_identify(/home/bigyun/Desktop/github_repositories/ST_control_ws/src/MasterMACS_pkg/sample code) by extensions ['colcon_meta']
[0.159s] Level 1:colcon.colcon_core.package_identification:_identify(/home/bigyun/Desktop/github_repositories/ST_control_ws/src/MasterMACS_pkg/sample code) by extension 'colcon_meta'
[0.159s] Level 1:colcon.colcon_core.package_identification:_identify(/home/bigyun/Desktop/github_repositories/ST_control_ws/src/MasterMACS_pkg/sample code) by extensions ['ros']
[0.159s] Level 1:colcon.colcon_core.package_identification:_identify(/home/bigyun/Desktop/github_repositories/ST_control_ws/src/MasterMACS_pkg/sample code) by extension 'ros'
[0.160s] Level 1:colcon.colcon_core.package_identification:_identify(/home/bigyun/Desktop/github_repositories/ST_control_ws/src/MasterMACS_pkg/sample code) by extensions ['cmake', 'python']
[0.160s] Level 1:colcon.colcon_core.package_identification:_identify(/home/bigyun/Desktop/github_repositories/ST_control_ws/src/MasterMACS_pkg/sample code) by extension 'cmake'
[0.160s] Level 1:colcon.colcon_core.package_identification:_identify(/home/bigyun/Desktop/github_repositories/ST_control_ws/src/MasterMACS_pkg/sample code) by extension 'python'
[0.160s] Level 1:colcon.colcon_core.package_identification:_identify(/home/bigyun/Desktop/github_repositories/ST_control_ws/src/MasterMACS_pkg/sample code) by extensions ['python_setup_py']
[0.160s] Level 1:colcon.colcon_core.package_identification:_identify(/home/bigyun/Desktop/github_repositories/ST_control_ws/src/MasterMACS_pkg/sample code) by extension 'python_setup_py'
[0.160s] Level 1:colcon.colcon_core.package_identification:_identify(/home/bigyun/Desktop/github_repositories/ST_control_ws/src/MasterMACS_pkg/sample code/EtherCAT_test_code) by extensions ['ignore', 'ignore_ament_install']
[0.160s] Level 1:colcon.colcon_core.package_identification:_identify(/home/bigyun/Desktop/github_repositories/ST_control_ws/src/MasterMACS_pkg/sample code/EtherCAT_test_code) by extension 'ignore'
[0.160s] Level 1:colcon.colcon_core.package_identification:_identify(/home/bigyun/Desktop/github_repositories/ST_control_ws/src/MasterMACS_pkg/sample code/EtherCAT_test_code) by extension 'ignore_ament_install'
[0.160s] Level 1:colcon.colcon_core.package_identification:_identify(/home/bigyun/Desktop/github_repositories/ST_control_ws/src/MasterMACS_pkg/sample code/EtherCAT_test_code) by extensions ['colcon_pkg']
[0.160s] Level 1:colcon.colcon_core.package_identification:_identify(/home/bigyun/Desktop/github_repositories/ST_control_ws/src/MasterMACS_pkg/sample code/EtherCAT_test_code) by extension 'colcon_pkg'
[0.160s] Level 1:colcon.colcon_core.package_identification:_identify(/home/bigyun/Desktop/github_repositories/ST_control_ws/src/MasterMACS_pkg/sample code/EtherCAT_test_code) by extensions ['colcon_meta']
[0.160s] Level 1:colcon.colcon_core.package_identification:_identify(/home/bigyun/Desktop/github_repositories/ST_control_ws/src/MasterMACS_pkg/sample code/EtherCAT_test_code) by extension 'colcon_meta'
[0.160s] Level 1:colcon.colcon_core.package_identification:_identify(/home/bigyun/Desktop/github_repositories/ST_control_ws/src/MasterMACS_pkg/sample code/EtherCAT_test_code) by extensions ['ros']
[0.160s] Level 1:colcon.colcon_core.package_identification:_identify(/home/bigyun/Desktop/github_repositories/ST_control_ws/src/MasterMACS_pkg/sample code/EtherCAT_test_code) by extension 'ros'
[0.160s] Level 1:colcon.colcon_core.package_identification:_identify(/home/bigyun/Desktop/github_repositories/ST_control_ws/src/MasterMACS_pkg/sample code/EtherCAT_test_code) by extensions ['cmake', 'python']
[0.160s] Level 1:colcon.colcon_core.package_identification:_identify(/home/bigyun/Desktop/github_repositories/ST_control_ws/src/MasterMACS_pkg/sample code/EtherCAT_test_code) by extension 'cmake'
[0.160s] Level 1:colcon.colcon_core.package_identification:_identify(/home/bigyun/Desktop/github_repositories/ST_control_ws/src/MasterMACS_pkg/sample code/EtherCAT_test_code) by extension 'python'
[0.160s] Level 1:colcon.colcon_core.package_identification:_identify(/home/bigyun/Desktop/github_repositories/ST_control_ws/src/MasterMACS_pkg/sample code/EtherCAT_test_code) by extensions ['python_setup_py']
[0.160s] Level 1:colcon.colcon_core.package_identification:_identify(/home/bigyun/Desktop/github_repositories/ST_control_ws/src/MasterMACS_pkg/sample code/EtherCAT_test_code) by extension 'python_setup_py'
[0.160s] Level 1:colcon.colcon_core.package_identification:_identify(/home/bigyun/Desktop/github_repositories/ST_control_ws/src/MasterMACS_pkg/sample code/EtherCAT_test_code/include) by extensions ['ignore', 'ignore_ament_install']
[0.160s] Level 1:colcon.colcon_core.package_identification:_identify(/home/bigyun/Desktop/github_repositories/ST_control_ws/src/MasterMACS_pkg/sample code/EtherCAT_test_code/include) by extension 'ignore'
[0.160s] Level 1:colcon.colcon_core.package_identification:_identify(/home/bigyun/Desktop/github_repositories/ST_control_ws/src/MasterMACS_pkg/sample code/EtherCAT_test_code/include) by extension 'ignore_ament_install'
[0.160s] Level 1:colcon.colcon_core.package_identification:_identify(/home/bigyun/Desktop/github_repositories/ST_control_ws/src/MasterMACS_pkg/sample code/EtherCAT_test_code/include) by extensions ['colcon_pkg']
[0.160s] Level 1:colcon.colcon_core.package_identification:_identify(/home/bigyun/Desktop/github_repositories/ST_control_ws/src/MasterMACS_pkg/sample code/EtherCAT_test_code/include) by extension 'colcon_pkg'
[0.160s] Level 1:colcon.colcon_core.package_identification:_identify(/home/bigyun/Desktop/github_repositories/ST_control_ws/src/MasterMACS_pkg/sample code/EtherCAT_test_code/include) by extensions ['colcon_meta']
[0.160s] Level 1:colcon.colcon_core.package_identification:_identify(/home/bigyun/Desktop/github_repositories/ST_control_ws/src/MasterMACS_pkg/sample code/EtherCAT_test_code/include) by extension 'colcon_meta'
[0.160s] Level 1:colcon.colcon_core.package_identification:_identify(/home/bigyun/Desktop/github_repositories/ST_control_ws/src/MasterMACS_pkg/sample code/EtherCAT_test_code/include) by extensions ['ros']
[0.160s] Level 1:colcon.colcon_core.package_identification:_identify(/home/bigyun/Desktop/github_repositories/ST_control_ws/src/MasterMACS_pkg/sample code/EtherCAT_test_code/include) by extension 'ros'
[0.160s] Level 1:colcon.colcon_core.package_identification:_identify(/home/bigyun/Desktop/github_repositories/ST_control_ws/src/MasterMACS_pkg/sample code/EtherCAT_test_code/include) by extensions ['cmake', 'python']
[0.160s] Level 1:colcon.colcon_core.package_identification:_identify(/home/bigyun/Desktop/github_repositories/ST_control_ws/src/MasterMACS_pkg/sample code/EtherCAT_test_code/include) by extension 'cmake'
[0.160s] Level 1:colcon.colcon_core.package_identification:_identify(/home/bigyun/Desktop/github_repositories/ST_control_ws/src/MasterMACS_pkg/sample code/EtherCAT_test_code/include) by extension 'python'
[0.160s] Level 1:colcon.colcon_core.package_identification:_identify(/home/bigyun/Desktop/github_repositories/ST_control_ws/src/MasterMACS_pkg/sample code/EtherCAT_test_code/include) by extensions ['python_setup_py']
[0.160s] Level 1:colcon.colcon_core.package_identification:_identify(/home/bigyun/Desktop/github_repositories/ST_control_ws/src/MasterMACS_pkg/sample code/EtherCAT_test_code/include) by extension 'python_setup_py'
[0.160s] Level 1:colcon.colcon_core.package_identification:_identify(/home/bigyun/Desktop/github_repositories/ST_control_ws/src/MasterMACS_pkg/sample code/EtherCAT_test_code/include/SDK) by extensions ['ignore', 'ignore_ament_install']
[0.160s] Level 1:colcon.colcon_core.package_identification:_identify(/home/bigyun/Desktop/github_repositories/ST_control_ws/src/MasterMACS_pkg/sample code/EtherCAT_test_code/include/SDK) by extension 'ignore'
[0.160s] Level 1:colcon.colcon_core.package_identification:_identify(/home/bigyun/Desktop/github_repositories/ST_control_ws/src/MasterMACS_pkg/sample code/EtherCAT_test_code/include/SDK) by extension 'ignore_ament_install'
[0.160s] Level 1:colcon.colcon_core.package_identification:_identify(/home/bigyun/Desktop/github_repositories/ST_control_ws/src/MasterMACS_pkg/sample code/EtherCAT_test_code/include/SDK) by extensions ['colcon_pkg']
[0.160s] Level 1:colcon.colcon_core.package_identification:_identify(/home/bigyun/Desktop/github_repositories/ST_control_ws/src/MasterMACS_pkg/sample code/EtherCAT_test_code/include/SDK) by extension 'colcon_pkg'
[0.160s] Level 1:colcon.colcon_core.package_identification:_identify(/home/bigyun/Desktop/github_repositories/ST_control_ws/src/MasterMACS_pkg/sample code/EtherCAT_test_code/include/SDK) by extensions ['colcon_meta']
[0.160s] Level 1:colcon.colcon_core.package_identification:_identify(/home/bigyun/Desktop/github_repositories/ST_control_ws/src/MasterMACS_pkg/sample code/EtherCAT_test_code/include/SDK) by extension 'colcon_meta'
[0.160s] Level 1:colcon.colcon_core.package_identification:_identify(/home/bigyun/Desktop/github_repositories/ST_control_ws/src/MasterMACS_pkg/sample code/EtherCAT_test_code/include/SDK) by extensions ['ros']
[0.160s] Level 1:colcon.colcon_core.package_identification:_identify(/home/bigyun/Desktop/github_repositories/ST_control_ws/src/MasterMACS_pkg/sample code/EtherCAT_test_code/include/SDK) by extension 'ros'
[0.160s] Level 1:colcon.colcon_core.package_identification:_identify(/home/bigyun/Desktop/github_repositories/ST_control_ws/src/MasterMACS_pkg/sample code/EtherCAT_test_code/include/SDK) by extensions ['cmake', 'python']
[0.160s] Level 1:colcon.colcon_core.package_identification:_identify(/home/bigyun/Desktop/github_repositories/ST_control_ws/src/MasterMACS_pkg/sample code/EtherCAT_test_code/include/SDK) by extension 'cmake'
[0.160s] Level 1:colcon.colcon_core.package_identification:_identify(/home/bigyun/Desktop/github_repositories/ST_control_ws/src/MasterMACS_pkg/sample code/EtherCAT_test_code/include/SDK) by extension 'python'
[0.160s] Level 1:colcon.colcon_core.package_identification:_identify(/home/bigyun/Desktop/github_repositories/ST_control_ws/src/MasterMACS_pkg/sample code/EtherCAT_test_code/include/SDK) by extensions ['python_setup_py']
[0.160s] Level 1:colcon.colcon_core.package_identification:_identify(/home/bigyun/Desktop/github_repositories/ST_control_ws/src/MasterMACS_pkg/sample code/EtherCAT_test_code/include/SDK) by extension 'python_setup_py'
[0.161s] Level 1:colcon.colcon_core.package_identification:_identify(/home/bigyun/Desktop/github_repositories/ST_control_ws/src/MasterMACS_pkg/sample code/EtherCAT_test_code/include/SDK/Amplifier) by extensions ['ignore', 'ignore_ament_install']
[0.161s] Level 1:colcon.colcon_core.package_identification:_identify(/home/bigyun/Desktop/github_repositories/ST_control_ws/src/MasterMACS_pkg/sample code/EtherCAT_test_code/include/SDK/Amplifier) by extension 'ignore'
[0.161s] Level 1:colcon.colcon_core.package_identification:_identify(/home/bigyun/Desktop/github_repositories/ST_control_ws/src/MasterMACS_pkg/sample code/EtherCAT_test_code/include/SDK/Amplifier) by extension 'ignore_ament_install'
[0.161s] Level 1:colcon.colcon_core.package_identification:_identify(/home/bigyun/Desktop/github_repositories/ST_control_ws/src/MasterMACS_pkg/sample code/EtherCAT_test_code/include/SDK/Amplifier) by extensions ['colcon_pkg']
[0.161s] Level 1:colcon.colcon_core.package_identification:_identify(/home/bigyun/Desktop/github_repositories/ST_control_ws/src/MasterMACS_pkg/sample code/EtherCAT_test_code/include/SDK/Amplifier) by extension 'colcon_pkg'
[0.161s] Level 1:colcon.colcon_core.package_identification:_identify(/home/bigyun/Desktop/github_repositories/ST_control_ws/src/MasterMACS_pkg/sample code/EtherCAT_test_code/include/SDK/Amplifier) by extensions ['colcon_meta']
[0.161s] Level 1:colcon.colcon_core.package_identification:_identify(/home/bigyun/Desktop/github_repositories/ST_control_ws/src/MasterMACS_pkg/sample code/EtherCAT_test_code/include/SDK/Amplifier) by extension 'colcon_meta'
[0.161s] Level 1:colcon.colcon_core.package_identification:_identify(/home/bigyun/Desktop/github_repositories/ST_control_ws/src/MasterMACS_pkg/sample code/EtherCAT_test_code/include/SDK/Amplifier) by extensions ['ros']
[0.161s] Level 1:colcon.colcon_core.package_identification:_identify(/home/bigyun/Desktop/github_repositories/ST_control_ws/src/MasterMACS_pkg/sample code/EtherCAT_test_code/include/SDK/Amplifier) by extension 'ros'
[0.161s] Level 1:colcon.colcon_core.package_identification:_identify(/home/bigyun/Desktop/github_repositories/ST_control_ws/src/MasterMACS_pkg/sample code/EtherCAT_test_code/include/SDK/Amplifier) by extensions ['cmake', 'python']
[0.161s] Level 1:colcon.colcon_core.package_identification:_identify(/home/bigyun/Desktop/github_repositories/ST_control_ws/src/MasterMACS_pkg/sample code/EtherCAT_test_code/include/SDK/Amplifier) by extension 'cmake'
[0.161s] Level 1:colcon.colcon_core.package_identification:_identify(/home/bigyun/Desktop/github_repositories/ST_control_ws/src/MasterMACS_pkg/sample code/EtherCAT_test_code/include/SDK/Amplifier) by extension 'python'
[0.161s] Level 1:colcon.colcon_core.package_identification:_identify(/home/bigyun/Desktop/github_repositories/ST_control_ws/src/MasterMACS_pkg/sample code/EtherCAT_test_code/include/SDK/Amplifier) by extensions ['python_setup_py']
[0.161s] Level 1:colcon.colcon_core.package_identification:_identify(/home/bigyun/Desktop/github_repositories/ST_control_ws/src/MasterMACS_pkg/sample code/EtherCAT_test_code/include/SDK/Amplifier) by extension 'python_setup_py'
[0.161s] Level 1:colcon.colcon_core.package_identification:_identify(/home/bigyun/Desktop/github_repositories/ST_control_ws/src/MasterMACS_pkg/sample code/EtherCAT_test_code/include/SDK/Axis) by extensions ['ignore', 'ignore_ament_install']
[0.161s] Level 1:colcon.colcon_core.package_identification:_identify(/home/bigyun/Desktop/github_repositories/ST_control_ws/src/MasterMACS_pkg/sample code/EtherCAT_test_code/include/SDK/Axis) by extension 'ignore'
[0.161s] Level 1:colcon.colcon_core.package_identification:_identify(/home/bigyun/Desktop/github_repositories/ST_control_ws/src/MasterMACS_pkg/sample code/EtherCAT_test_code/include/SDK/Axis) by extension 'ignore_ament_install'
[0.161s] Level 1:colcon.colcon_core.package_identification:_identify(/home/bigyun/Desktop/github_repositories/ST_control_ws/src/MasterMACS_pkg/sample code/EtherCAT_test_code/include/SDK/Axis) by extensions ['colcon_pkg']
[0.161s] Level 1:colcon.colcon_core.package_identification:_identify(/home/bigyun/Desktop/github_repositories/ST_control_ws/src/MasterMACS_pkg/sample code/EtherCAT_test_code/include/SDK/Axis) by extension 'colcon_pkg'
[0.161s] Level 1:colcon.colcon_core.package_identification:_identify(/home/bigyun/Desktop/github_repositories/ST_control_ws/src/MasterMACS_pkg/sample code/EtherCAT_test_code/include/SDK/Axis) by extensions ['colcon_meta']
[0.161s] Level 1:colcon.colcon_core.package_identification:_identify(/home/bigyun/Desktop/github_repositories/ST_control_ws/src/MasterMACS_pkg/sample code/EtherCAT_test_code/include/SDK/Axis) by extension 'colcon_meta'
[0.161s] Level 1:colcon.colcon_core.package_identification:_identify(/home/bigyun/Desktop/github_repositories/ST_control_ws/src/MasterMACS_pkg/sample code/EtherCAT_test_code/include/SDK/Axis) by extensions ['ros']
[0.161s] Level 1:colcon.colcon_core.package_identification:_identify(/home/bigyun/Desktop/github_repositories/ST_control_ws/src/MasterMACS_pkg/sample code/EtherCAT_test_code/include/SDK/Axis) by extension 'ros'
[0.161s] Level 1:colcon.colcon_core.package_identification:_identify(/home/bigyun/Desktop/github_repositories/ST_control_ws/src/MasterMACS_pkg/sample code/EtherCAT_test_code/include/SDK/Axis) by extensions ['cmake', 'python']
[0.161s] Level 1:colcon.colcon_core.package_identification:_identify(/home/bigyun/Desktop/github_repositories/ST_control_ws/src/MasterMACS_pkg/sample code/EtherCAT_test_code/include/SDK/Axis) by extension 'cmake'
[0.161s] Level 1:colcon.colcon_core.package_identification:_identify(/home/bigyun/Desktop/github_repositories/ST_control_ws/src/MasterMACS_pkg/sample code/EtherCAT_test_code/include/SDK/Axis) by extension 'python'
[0.161s] Level 1:colcon.colcon_core.package_identification:_identify(/home/bigyun/Desktop/github_repositories/ST_control_ws/src/MasterMACS_pkg/sample code/EtherCAT_test_code/include/SDK/Axis) by extensions ['python_setup_py']
[0.161s] Level 1:colcon.colcon_core.package_identification:_identify(/home/bigyun/Desktop/github_repositories/ST_control_ws/src/MasterMACS_pkg/sample code/EtherCAT_test_code/include/SDK/Axis) by extension 'python_setup_py'
[0.161s] Level 1:colcon.colcon_core.package_identification:_identify(/home/bigyun/Desktop/github_repositories/ST_control_ws/src/MasterMACS_pkg/sample code/EtherCAT_test_code/include/SDK/BusSystem) by extensions ['ignore', 'ignore_ament_install']
[0.161s] Level 1:colcon.colcon_core.package_identification:_identify(/home/bigyun/Desktop/github_repositories/ST_control_ws/src/MasterMACS_pkg/sample code/EtherCAT_test_code/include/SDK/BusSystem) by extension 'ignore'
[0.161s] Level 1:colcon.colcon_core.package_identification:_identify(/home/bigyun/Desktop/github_repositories/ST_control_ws/src/MasterMACS_pkg/sample code/EtherCAT_test_code/include/SDK/BusSystem) by extension 'ignore_ament_install'
[0.161s] Level 1:colcon.colcon_core.package_identification:_identify(/home/bigyun/Desktop/github_repositories/ST_control_ws/src/MasterMACS_pkg/sample code/EtherCAT_test_code/include/SDK/BusSystem) by extensions ['colcon_pkg']
[0.161s] Level 1:colcon.colcon_core.package_identification:_identify(/home/bigyun/Desktop/github_repositories/ST_control_ws/src/MasterMACS_pkg/sample code/EtherCAT_test_code/include/SDK/BusSystem) by extension 'colcon_pkg'
[0.161s] Level 1:colcon.colcon_core.package_identification:_identify(/home/bigyun/Desktop/github_repositories/ST_control_ws/src/MasterMACS_pkg/sample code/EtherCAT_test_code/include/SDK/BusSystem) by extensions ['colcon_meta']
[0.161s] Level 1:colcon.colcon_core.package_identification:_identify(/home/bigyun/Desktop/github_repositories/ST_control_ws/src/MasterMACS_pkg/sample code/EtherCAT_test_code/include/SDK/BusSystem) by extension 'colcon_meta'
[0.161s] Level 1:colcon.colcon_core.package_identification:_identify(/home/bigyun/Desktop/github_repositories/ST_control_ws/src/MasterMACS_pkg/sample code/EtherCAT_test_code/include/SDK/BusSystem) by extensions ['ros']
[0.161s] Level 1:colcon.colcon_core.package_identification:_identify(/home/bigyun/Desktop/github_repositories/ST_control_ws/src/MasterMACS_pkg/sample code/EtherCAT_test_code/include/SDK/BusSystem) by extension 'ros'
[0.161s] Level 1:colcon.colcon_core.package_identification:_identify(/home/bigyun/Desktop/github_repositories/ST_control_ws/src/MasterMACS_pkg/sample code/EtherCAT_test_code/include/SDK/BusSystem) by extensions ['cmake', 'python']
[0.161s] Level 1:colcon.colcon_core.package_identification:_identify(/home/bigyun/Desktop/github_repositories/ST_control_ws/src/MasterMACS_pkg/sample code/EtherCAT_test_code/include/SDK/BusSystem) by extension 'cmake'
[0.161s] Level 1:colcon.colcon_core.package_identification:_identify(/home/bigyun/Desktop/github_repositories/ST_control_ws/src/MasterMACS_pkg/sample code/EtherCAT_test_code/include/SDK/BusSystem) by extension 'python'
[0.161s] Level 1:colcon.colcon_core.package_identification:_identify(/home/bigyun/Desktop/github_repositories/ST_control_ws/src/MasterMACS_pkg/sample code/EtherCAT_test_code/include/SDK/BusSystem) by extensions ['python_setup_py']
[0.161s] Level 1:colcon.colcon_core.package_identification:_identify(/home/bigyun/Desktop/github_repositories/ST_control_ws/src/MasterMACS_pkg/sample code/EtherCAT_test_code/include/SDK/BusSystem) by extension 'python_setup_py'
[0.161s] Level 1:colcon.colcon_core.package_identification:_identify(/home/bigyun/Desktop/github_repositories/ST_control_ws/src/MasterMACS_pkg/sample code/EtherCAT_test_code/include/SDK/Communication) by extensions ['ignore', 'ignore_ament_install']
[0.161s] Level 1:colcon.colcon_core.package_identification:_identify(/home/bigyun/Desktop/github_repositories/ST_control_ws/src/MasterMACS_pkg/sample code/EtherCAT_test_code/include/SDK/Communication) by extension 'ignore'
[0.161s] Level 1:colcon.colcon_core.package_identification:_identify(/home/bigyun/Desktop/github_repositories/ST_control_ws/src/MasterMACS_pkg/sample code/EtherCAT_test_code/include/SDK/Communication) by extension 'ignore_ament_install'
[0.162s] Level 1:colcon.colcon_core.package_identification:_identify(/home/bigyun/Desktop/github_repositories/ST_control_ws/src/MasterMACS_pkg/sample code/EtherCAT_test_code/include/SDK/Communication) by extensions ['colcon_pkg']
[0.162s] Level 1:colcon.colcon_core.package_identification:_identify(/home/bigyun/Desktop/github_repositories/ST_control_ws/src/MasterMACS_pkg/sample code/EtherCAT_test_code/include/SDK/Communication) by extension 'colcon_pkg'
[0.162s] Level 1:colcon.colcon_core.package_identification:_identify(/home/bigyun/Desktop/github_repositories/ST_control_ws/src/MasterMACS_pkg/sample code/EtherCAT_test_code/include/SDK/Communication) by extensions ['colcon_meta']
[0.162s] Level 1:colcon.colcon_core.package_identification:_identify(/home/bigyun/Desktop/github_repositories/ST_control_ws/src/MasterMACS_pkg/sample code/EtherCAT_test_code/include/SDK/Communication) by extension 'colcon_meta'
[0.162s] Level 1:colcon.colcon_core.package_identification:_identify(/home/bigyun/Desktop/github_repositories/ST_control_ws/src/MasterMACS_pkg/sample code/EtherCAT_test_code/include/SDK/Communication) by extensions ['ros']
[0.162s] Level 1:colcon.colcon_core.package_identification:_identify(/home/bigyun/Desktop/github_repositories/ST_control_ws/src/MasterMACS_pkg/sample code/EtherCAT_test_code/include/SDK/Communication) by extension 'ros'
[0.162s] Level 1:colcon.colcon_core.package_identification:_identify(/home/bigyun/Desktop/github_repositories/ST_control_ws/src/MasterMACS_pkg/sample code/EtherCAT_test_code/include/SDK/Communication) by extensions ['cmake', 'python']
[0.162s] Level 1:colcon.colcon_core.package_identification:_identify(/home/bigyun/Desktop/github_repositories/ST_control_ws/src/MasterMACS_pkg/sample code/EtherCAT_test_code/include/SDK/Communication) by extension 'cmake'
[0.162s] Level 1:colcon.colcon_core.package_identification:_identify(/home/bigyun/Desktop/github_repositories/ST_control_ws/src/MasterMACS_pkg/sample code/EtherCAT_test_code/include/SDK/Communication) by extension 'python'
[0.162s] Level 1:colcon.colcon_core.package_identification:_identify(/home/bigyun/Desktop/github_repositories/ST_control_ws/src/MasterMACS_pkg/sample code/EtherCAT_test_code/include/SDK/Communication) by extensions ['python_setup_py']
[0.162s] Level 1:colcon.colcon_core.package_identification:_identify(/home/bigyun/Desktop/github_repositories/ST_control_ws/src/MasterMACS_pkg/sample code/EtherCAT_test_code/include/SDK/Communication) by extension 'python_setup_py'
[0.162s] Level 1:colcon.colcon_core.package_identification:_identify(/home/bigyun/Desktop/github_repositories/ST_control_ws/src/MasterMACS_pkg/sample code/EtherCAT_test_code/include/SDK/Encoder) by extensions ['ignore', 'ignore_ament_install']
[0.162s] Level 1:colcon.colcon_core.package_identification:_identify(/home/bigyun/Desktop/github_repositories/ST_control_ws/src/MasterMACS_pkg/sample code/EtherCAT_test_code/include/SDK/Encoder) by extension 'ignore'
[0.162s] Level 1:colcon.colcon_core.package_identification:_identify(/home/bigyun/Desktop/github_repositories/ST_control_ws/src/MasterMACS_pkg/sample code/EtherCAT_test_code/include/SDK/Encoder) by extension 'ignore_ament_install'
[0.162s] Level 1:colcon.colcon_core.package_identification:_identify(/home/bigyun/Desktop/github_repositories/ST_control_ws/src/MasterMACS_pkg/sample code/EtherCAT_test_code/include/SDK/Encoder) by extensions ['colcon_pkg']
[0.162s] Level 1:colcon.colcon_core.package_identification:_identify(/home/bigyun/Desktop/github_repositories/ST_control_ws/src/MasterMACS_pkg/sample code/EtherCAT_test_code/include/SDK/Encoder) by extension 'colcon_pkg'
[0.162s] Level 1:colcon.colcon_core.package_identification:_identify(/home/bigyun/Desktop/github_repositories/ST_control_ws/src/MasterMACS_pkg/sample code/EtherCAT_test_code/include/SDK/Encoder) by extensions ['colcon_meta']
[0.162s] Level 1:colcon.colcon_core.package_identification:_identify(/home/bigyun/Desktop/github_repositories/ST_control_ws/src/MasterMACS_pkg/sample code/EtherCAT_test_code/include/SDK/Encoder) by extension 'colcon_meta'
[0.162s] Level 1:colcon.colcon_core.package_identification:_identify(/home/bigyun/Desktop/github_repositories/ST_control_ws/src/MasterMACS_pkg/sample code/EtherCAT_test_code/include/SDK/Encoder) by extensions ['ros']
[0.162s] Level 1:colcon.colcon_core.package_identification:_identify(/home/bigyun/Desktop/github_repositories/ST_control_ws/src/MasterMACS_pkg/sample code/EtherCAT_test_code/include/SDK/Encoder) by extension 'ros'
[0.162s] Level 1:colcon.colcon_core.package_identification:_identify(/home/bigyun/Desktop/github_repositories/ST_control_ws/src/MasterMACS_pkg/sample code/EtherCAT_test_code/include/SDK/Encoder) by extensions ['cmake', 'python']
[0.162s] Level 1:colcon.colcon_core.package_identification:_identify(/home/bigyun/Desktop/github_repositories/ST_control_ws/src/MasterMACS_pkg/sample code/EtherCAT_test_code/include/SDK/Encoder) by extension 'cmake'
[0.162s] Level 1:colcon.colcon_core.package_identification:_identify(/home/bigyun/Desktop/github_repositories/ST_control_ws/src/MasterMACS_pkg/sample code/EtherCAT_test_code/include/SDK/Encoder) by extension 'python'
[0.162s] Level 1:colcon.colcon_core.package_identification:_identify(/home/bigyun/Desktop/github_repositories/ST_control_ws/src/MasterMACS_pkg/sample code/EtherCAT_test_code/include/SDK/Encoder) by extensions ['python_setup_py']
[0.162s] Level 1:colcon.colcon_core.package_identification:_identify(/home/bigyun/Desktop/github_repositories/ST_control_ws/src/MasterMACS_pkg/sample code/EtherCAT_test_code/include/SDK/Encoder) by extension 'python_setup_py'
[0.162s] Level 1:colcon.colcon_core.package_identification:_identify(/home/bigyun/Desktop/github_repositories/ST_control_ws/src/MasterMACS_pkg/sample code/EtherCAT_test_code/include/SDK/Information) by extensions ['ignore', 'ignore_ament_install']
[0.162s] Level 1:colcon.colcon_core.package_identification:_identify(/home/bigyun/Desktop/github_repositories/ST_control_ws/src/MasterMACS_pkg/sample code/EtherCAT_test_code/include/SDK/Information) by extension 'ignore'
[0.162s] Level 1:colcon.colcon_core.package_identification:_identify(/home/bigyun/Desktop/github_repositories/ST_control_ws/src/MasterMACS_pkg/sample code/EtherCAT_test_code/include/SDK/Information) by extension 'ignore_ament_install'
[0.162s] Level 1:colcon.colcon_core.package_identification:_identify(/home/bigyun/Desktop/github_repositories/ST_control_ws/src/MasterMACS_pkg/sample code/EtherCAT_test_code/include/SDK/Information) by extensions ['colcon_pkg']
[0.162s] Level 1:colcon.colcon_core.package_identification:_identify(/home/bigyun/Desktop/github_repositories/ST_control_ws/src/MasterMACS_pkg/sample code/EtherCAT_test_code/include/SDK/Information) by extension 'colcon_pkg'
[0.162s] Level 1:colcon.colcon_core.package_identification:_identify(/home/bigyun/Desktop/github_repositories/ST_control_ws/src/MasterMACS_pkg/sample code/EtherCAT_test_code/include/SDK/Information) by extensions ['colcon_meta']
[0.162s] Level 1:colcon.colcon_core.package_identification:_identify(/home/bigyun/Desktop/github_repositories/ST_control_ws/src/MasterMACS_pkg/sample code/EtherCAT_test_code/include/SDK/Information) by extension 'colcon_meta'
[0.162s] Level 1:colcon.colcon_core.package_identification:_identify(/home/bigyun/Desktop/github_repositories/ST_control_ws/src/MasterMACS_pkg/sample code/EtherCAT_test_code/include/SDK/Information) by extensions ['ros']
[0.162s] Level 1:colcon.colcon_core.package_identification:_identify(/home/bigyun/Desktop/github_repositories/ST_control_ws/src/MasterMACS_pkg/sample code/EtherCAT_test_code/include/SDK/Information) by extension 'ros'
[0.162s] Level 1:colcon.colcon_core.package_identification:_identify(/home/bigyun/Desktop/github_repositories/ST_control_ws/src/MasterMACS_pkg/sample code/EtherCAT_test_code/include/SDK/Information) by extensions ['cmake', 'python']
[0.162s] Level 1:colcon.colcon_core.package_identification:_identify(/home/bigyun/Desktop/github_repositories/ST_control_ws/src/MasterMACS_pkg/sample code/EtherCAT_test_code/include/SDK/Information) by extension 'cmake'
[0.162s] Level 1:colcon.colcon_core.package_identification:_identify(/home/bigyun/Desktop/github_repositories/ST_control_ws/src/MasterMACS_pkg/sample code/EtherCAT_test_code/include/SDK/Information) by extension 'python'
[0.162s] Level 1:colcon.colcon_core.package_identification:_identify(/home/bigyun/Desktop/github_repositories/ST_control_ws/src/MasterMACS_pkg/sample code/EtherCAT_test_code/include/SDK/Information) by extensions ['python_setup_py']
[0.162s] Level 1:colcon.colcon_core.package_identification:_identify(/home/bigyun/Desktop/github_repositories/ST_control_ws/src/MasterMACS_pkg/sample code/EtherCAT_test_code/include/SDK/Information) by extension 'python_setup_py'
[0.162s] Level 1:colcon.colcon_core.package_identification:_identify(/home/bigyun/Desktop/github_repositories/ST_control_ws/src/MasterMACS_pkg/sample code/EtherCAT_test_code/include/SDK/Kinematics) by extensions ['ignore', 'ignore_ament_install']
[0.162s] Level 1:colcon.colcon_core.package_identification:_identify(/home/bigyun/Desktop/github_repositories/ST_control_ws/src/MasterMACS_pkg/sample code/EtherCAT_test_code/include/SDK/Kinematics) by extension 'ignore'
[0.162s] Level 1:colcon.colcon_core.package_identification:_identify(/home/bigyun/Desktop/github_repositories/ST_control_ws/src/MasterMACS_pkg/sample code/EtherCAT_test_code/include/SDK/Kinematics) by extension 'ignore_ament_install'
[0.162s] Level 1:colcon.colcon_core.package_identification:_identify(/home/bigyun/Desktop/github_repositories/ST_control_ws/src/MasterMACS_pkg/sample code/EtherCAT_test_code/include/SDK/Kinematics) by extensions ['colcon_pkg']
[0.162s] Level 1:colcon.colcon_core.package_identification:_identify(/home/bigyun/Desktop/github_repositories/ST_control_ws/src/MasterMACS_pkg/sample code/EtherCAT_test_code/include/SDK/Kinematics) by extension 'colcon_pkg'
[0.162s] Level 1:colcon.colcon_core.package_identification:_identify(/home/bigyun/Desktop/github_repositories/ST_control_ws/src/MasterMACS_pkg/sample code/EtherCAT_test_code/include/SDK/Kinematics) by extensions ['colcon_meta']
[0.162s] Level 1:colcon.colcon_core.package_identification:_identify(/home/bigyun/Desktop/github_repositories/ST_control_ws/src/MasterMACS_pkg/sample code/EtherCAT_test_code/include/SDK/Kinematics) by extension 'colcon_meta'
[0.162s] Level 1:colcon.colcon_core.package_identification:_identify(/home/bigyun/Desktop/github_repositories/ST_control_ws/src/MasterMACS_pkg/sample code/EtherCAT_test_code/include/SDK/Kinematics) by extensions ['ros']
[0.162s] Level 1:colcon.colcon_core.package_identification:_identify(/home/bigyun/Desktop/github_repositories/ST_control_ws/src/MasterMACS_pkg/sample code/EtherCAT_test_code/include/SDK/Kinematics) by extension 'ros'
[0.163s] Level 1:colcon.colcon_core.package_identification:_identify(/home/bigyun/Desktop/github_repositories/ST_control_ws/src/MasterMACS_pkg/sample code/EtherCAT_test_code/include/SDK/Kinematics) by extensions ['cmake', 'python']
[0.163s] Level 1:colcon.colcon_core.package_identification:_identify(/home/bigyun/Desktop/github_repositories/ST_control_ws/src/MasterMACS_pkg/sample code/EtherCAT_test_code/include/SDK/Kinematics) by extension 'cmake'
[0.163s] Level 1:colcon.colcon_core.package_identification:_identify(/home/bigyun/Desktop/github_repositories/ST_control_ws/src/MasterMACS_pkg/sample code/EtherCAT_test_code/include/SDK/Kinematics) by extension 'python'
[0.163s] Level 1:colcon.colcon_core.package_identification:_identify(/home/bigyun/Desktop/github_repositories/ST_control_ws/src/MasterMACS_pkg/sample code/EtherCAT_test_code/include/SDK/Kinematics) by extensions ['python_setup_py']
[0.163s] Level 1:colcon.colcon_core.package_identification:_identify(/home/bigyun/Desktop/github_repositories/ST_control_ws/src/MasterMACS_pkg/sample code/EtherCAT_test_code/include/SDK/Kinematics) by extension 'python_setup_py'
[0.163s] Level 1:colcon.colcon_core.package_identification:_identify(/home/bigyun/Desktop/github_repositories/ST_control_ws/src/MasterMACS_pkg/sample code/EtherCAT_test_code/include/SDK/Miscellaneous) by extensions ['ignore', 'ignore_ament_install']
[0.163s] Level 1:colcon.colcon_core.package_identification:_identify(/home/bigyun/Desktop/github_repositories/ST_control_ws/src/MasterMACS_pkg/sample code/EtherCAT_test_code/include/SDK/Miscellaneous) by extension 'ignore'
[0.163s] Level 1:colcon.colcon_core.package_identification:_identify(/home/bigyun/Desktop/github_repositories/ST_control_ws/src/MasterMACS_pkg/sample code/EtherCAT_test_code/include/SDK/Miscellaneous) by extension 'ignore_ament_install'
[0.163s] Level 1:colcon.colcon_core.package_identification:_identify(/home/bigyun/Desktop/github_repositories/ST_control_ws/src/MasterMACS_pkg/sample code/EtherCAT_test_code/include/SDK/Miscellaneous) by extensions ['colcon_pkg']
[0.163s] Level 1:colcon.colcon_core.package_identification:_identify(/home/bigyun/Desktop/github_repositories/ST_control_ws/src/MasterMACS_pkg/sample code/EtherCAT_test_code/include/SDK/Miscellaneous) by extension 'colcon_pkg'
[0.163s] Level 1:colcon.colcon_core.package_identification:_identify(/home/bigyun/Desktop/github_repositories/ST_control_ws/src/MasterMACS_pkg/sample code/EtherCAT_test_code/include/SDK/Miscellaneous) by extensions ['colcon_meta']
[0.163s] Level 1:colcon.colcon_core.package_identification:_identify(/home/bigyun/Desktop/github_repositories/ST_control_ws/src/MasterMACS_pkg/sample code/EtherCAT_test_code/include/SDK/Miscellaneous) by extension 'colcon_meta'
[0.163s] Level 1:colcon.colcon_core.package_identification:_identify(/home/bigyun/Desktop/github_repositories/ST_control_ws/src/MasterMACS_pkg/sample code/EtherCAT_test_code/include/SDK/Miscellaneous) by extensions ['ros']
[0.163s] Level 1:colcon.colcon_core.package_identification:_identify(/home/bigyun/Desktop/github_repositories/ST_control_ws/src/MasterMACS_pkg/sample code/EtherCAT_test_code/include/SDK/Miscellaneous) by extension 'ros'
[0.163s] Level 1:colcon.colcon_core.package_identification:_identify(/home/bigyun/Desktop/github_repositories/ST_control_ws/src/MasterMACS_pkg/sample code/EtherCAT_test_code/include/SDK/Miscellaneous) by extensions ['cmake', 'python']
[0.163s] Level 1:colcon.colcon_core.package_identification:_identify(/home/bigyun/Desktop/github_repositories/ST_control_ws/src/MasterMACS_pkg/sample code/EtherCAT_test_code/include/SDK/Miscellaneous) by extension 'cmake'
[0.163s] Level 1:colcon.colcon_core.package_identification:_identify(/home/bigyun/Desktop/github_repositories/ST_control_ws/src/MasterMACS_pkg/sample code/EtherCAT_test_code/include/SDK/Miscellaneous) by extension 'python'
[0.163s] Level 1:colcon.colcon_core.package_identification:_identify(/home/bigyun/Desktop/github_repositories/ST_control_ws/src/MasterMACS_pkg/sample code/EtherCAT_test_code/include/SDK/Miscellaneous) by extensions ['python_setup_py']
[0.163s] Level 1:colcon.colcon_core.package_identification:_identify(/home/bigyun/Desktop/github_repositories/ST_control_ws/src/MasterMACS_pkg/sample code/EtherCAT_test_code/include/SDK/Miscellaneous) by extension 'python_setup_py'
[0.163s] Level 1:colcon.colcon_core.package_identification:_identify(/home/bigyun/Desktop/github_repositories/ST_control_ws/src/MasterMACS_pkg/sample code/EtherCAT_test_code/include/SDK/Motion) by extensions ['ignore', 'ignore_ament_install']
[0.163s] Level 1:colcon.colcon_core.package_identification:_identify(/home/bigyun/Desktop/github_repositories/ST_control_ws/src/MasterMACS_pkg/sample code/EtherCAT_test_code/include/SDK/Motion) by extension 'ignore'
[0.163s] Level 1:colcon.colcon_core.package_identification:_identify(/home/bigyun/Desktop/github_repositories/ST_control_ws/src/MasterMACS_pkg/sample code/EtherCAT_test_code/include/SDK/Motion) by extension 'ignore_ament_install'
[0.163s] Level 1:colcon.colcon_core.package_identification:_identify(/home/bigyun/Desktop/github_repositories/ST_control_ws/src/MasterMACS_pkg/sample code/EtherCAT_test_code/include/SDK/Motion) by extensions ['colcon_pkg']
[0.163s] Level 1:colcon.colcon_core.package_identification:_identify(/home/bigyun/Desktop/github_repositories/ST_control_ws/src/MasterMACS_pkg/sample code/EtherCAT_test_code/include/SDK/Motion) by extension 'colcon_pkg'
[0.163s] Level 1:colcon.colcon_core.package_identification:_identify(/home/bigyun/Desktop/github_repositories/ST_control_ws/src/MasterMACS_pkg/sample code/EtherCAT_test_code/include/SDK/Motion) by extensions ['colcon_meta']
[0.163s] Level 1:colcon.colcon_core.package_identification:_identify(/home/bigyun/Desktop/github_repositories/ST_control_ws/src/MasterMACS_pkg/sample code/EtherCAT_test_code/include/SDK/Motion) by extension 'colcon_meta'
[0.163s] Level 1:colcon.colcon_core.package_identification:_identify(/home/bigyun/Desktop/github_repositories/ST_control_ws/src/MasterMACS_pkg/sample code/EtherCAT_test_code/include/SDK/Motion) by extensions ['ros']
[0.163s] Level 1:colcon.colcon_core.package_identification:_identify(/home/bigyun/Desktop/github_repositories/ST_control_ws/src/MasterMACS_pkg/sample code/EtherCAT_test_code/include/SDK/Motion) by extension 'ros'
[0.163s] Level 1:colcon.colcon_core.package_identification:_identify(/home/bigyun/Desktop/github_repositories/ST_control_ws/src/MasterMACS_pkg/sample code/EtherCAT_test_code/include/SDK/Motion) by extensions ['cmake', 'python']
[0.163s] Level 1:colcon.colcon_core.package_identification:_identify(/home/bigyun/Desktop/github_repositories/ST_control_ws/src/MasterMACS_pkg/sample code/EtherCAT_test_code/include/SDK/Motion) by extension 'cmake'
[0.163s] Level 1:colcon.colcon_core.package_identification:_identify(/home/bigyun/Desktop/github_repositories/ST_control_ws/src/MasterMACS_pkg/sample code/EtherCAT_test_code/include/SDK/Motion) by extension 'python'
[0.163s] Level 1:colcon.colcon_core.package_identification:_identify(/home/bigyun/Desktop/github_repositories/ST_control_ws/src/MasterMACS_pkg/sample code/EtherCAT_test_code/include/SDK/Motion) by extensions ['python_setup_py']
[0.163s] Level 1:colcon.colcon_core.package_identification:_identify(/home/bigyun/Desktop/github_repositories/ST_control_ws/src/MasterMACS_pkg/sample code/EtherCAT_test_code/include/SDK/Motion) by extension 'python_setup_py'
[0.163s] Level 1:colcon.colcon_core.package_identification:_identify(/home/bigyun/Desktop/github_repositories/ST_control_ws/src/MasterMACS_pkg/sample code/EtherCAT_test_code/include/SDK/VirtualModule) by extensions ['ignore', 'ignore_ament_install']
[0.163s] Level 1:colcon.colcon_core.package_identification:_identify(/home/bigyun/Desktop/github_repositories/ST_control_ws/src/MasterMACS_pkg/sample code/EtherCAT_test_code/include/SDK/VirtualModule) by extension 'ignore'
[0.163s] Level 1:colcon.colcon_core.package_identification:_identify(/home/bigyun/Desktop/github_repositories/ST_control_ws/src/MasterMACS_pkg/sample code/EtherCAT_test_code/include/SDK/VirtualModule) by extension 'ignore_ament_install'
[0.163s] Level 1:colcon.colcon_core.package_identification:_identify(/home/bigyun/Desktop/github_repositories/ST_control_ws/src/MasterMACS_pkg/sample code/EtherCAT_test_code/include/SDK/VirtualModule) by extensions ['colcon_pkg']
[0.163s] Level 1:colcon.colcon_core.package_identification:_identify(/home/bigyun/Desktop/github_repositories/ST_control_ws/src/MasterMACS_pkg/sample code/EtherCAT_test_code/include/SDK/VirtualModule) by extension 'colcon_pkg'
[0.163s] Level 1:colcon.colcon_core.package_identification:_identify(/home/bigyun/Desktop/github_repositories/ST_control_ws/src/MasterMACS_pkg/sample code/EtherCAT_test_code/include/SDK/VirtualModule) by extensions ['colcon_meta']
[0.163s] Level 1:colcon.colcon_core.package_identification:_identify(/home/bigyun/Desktop/github_repositories/ST_control_ws/src/MasterMACS_pkg/sample code/EtherCAT_test_code/include/SDK/VirtualModule) by extension 'colcon_meta'
[0.163s] Level 1:colcon.colcon_core.package_identification:_identify(/home/bigyun/Desktop/github_repositories/ST_control_ws/src/MasterMACS_pkg/sample code/EtherCAT_test_code/include/SDK/VirtualModule) by extensions ['ros']
[0.163s] Level 1:colcon.colcon_core.package_identification:_identify(/home/bigyun/Desktop/github_repositories/ST_control_ws/src/MasterMACS_pkg/sample code/EtherCAT_test_code/include/SDK/VirtualModule) by extension 'ros'
[0.163s] Level 1:colcon.colcon_core.package_identification:_identify(/home/bigyun/Desktop/github_repositories/ST_control_ws/src/MasterMACS_pkg/sample code/EtherCAT_test_code/include/SDK/VirtualModule) by extensions ['cmake', 'python']
[0.163s] Level 1:colcon.colcon_core.package_identification:_identify(/home/bigyun/Desktop/github_repositories/ST_control_ws/src/MasterMACS_pkg/sample code/EtherCAT_test_code/include/SDK/VirtualModule) by extension 'cmake'
[0.163s] Level 1:colcon.colcon_core.package_identification:_identify(/home/bigyun/Desktop/github_repositories/ST_control_ws/src/MasterMACS_pkg/sample code/EtherCAT_test_code/include/SDK/VirtualModule) by extension 'python'
[0.163s] Level 1:colcon.colcon_core.package_identification:_identify(/home/bigyun/Desktop/github_repositories/ST_control_ws/src/MasterMACS_pkg/sample code/EtherCAT_test_code/include/SDK/VirtualModule) by extensions ['python_setup_py']
[0.163s] Level 1:colcon.colcon_core.package_identification:_identify(/home/bigyun/Desktop/github_repositories/ST_control_ws/src/MasterMACS_pkg/sample code/EtherCAT_test_code/include/SDK/VirtualModule) by extension 'python_setup_py'
[0.164s] Level 1:colcon.colcon_core.package_identification:_identify(/home/bigyun/Desktop/github_repositories/ST_control_ws/src/MasterMACS_pkg/sample code/Ethernet_TCP_code) by extensions ['ignore', 'ignore_ament_install']
[0.164s] Level 1:colcon.colcon_core.package_identification:_identify(/home/bigyun/Desktop/github_repositories/ST_control_ws/src/MasterMACS_pkg/sample code/Ethernet_TCP_code) by extension 'ignore'
[0.164s] Level 1:colcon.colcon_core.package_identification:_identify(/home/bigyun/Desktop/github_repositories/ST_control_ws/src/MasterMACS_pkg/sample code/Ethernet_TCP_code) by extension 'ignore_ament_install'
[0.164s] Level 1:colcon.colcon_core.package_identification:_identify(/home/bigyun/Desktop/github_repositories/ST_control_ws/src/MasterMACS_pkg/sample code/Ethernet_TCP_code) by extensions ['colcon_pkg']
[0.164s] Level 1:colcon.colcon_core.package_identification:_identify(/home/bigyun/Desktop/github_repositories/ST_control_ws/src/MasterMACS_pkg/sample code/Ethernet_TCP_code) by extension 'colcon_pkg'
[0.164s] Level 1:colcon.colcon_core.package_identification:_identify(/home/bigyun/Desktop/github_repositories/ST_control_ws/src/MasterMACS_pkg/sample code/Ethernet_TCP_code) by extensions ['colcon_meta']
[0.164s] Level 1:colcon.colcon_core.package_identification:_identify(/home/bigyun/Desktop/github_repositories/ST_control_ws/src/MasterMACS_pkg/sample code/Ethernet_TCP_code) by extension 'colcon_meta'
[0.164s] Level 1:colcon.colcon_core.package_identification:_identify(/home/bigyun/Desktop/github_repositories/ST_control_ws/src/MasterMACS_pkg/sample code/Ethernet_TCP_code) by extensions ['ros']
[0.164s] Level 1:colcon.colcon_core.package_identification:_identify(/home/bigyun/Desktop/github_repositories/ST_control_ws/src/MasterMACS_pkg/sample code/Ethernet_TCP_code) by extension 'ros'
[0.164s] Level 1:colcon.colcon_core.package_identification:_identify(/home/bigyun/Desktop/github_repositories/ST_control_ws/src/MasterMACS_pkg/sample code/Ethernet_TCP_code) by extensions ['cmake', 'python']
[0.164s] Level 1:colcon.colcon_core.package_identification:_identify(/home/bigyun/Desktop/github_repositories/ST_control_ws/src/MasterMACS_pkg/sample code/Ethernet_TCP_code) by extension 'cmake'
[0.164s] Level 1:colcon.colcon_core.package_identification:_identify(/home/bigyun/Desktop/github_repositories/ST_control_ws/src/MasterMACS_pkg/sample code/Ethernet_TCP_code) by extension 'python'
[0.164s] Level 1:colcon.colcon_core.package_identification:_identify(/home/bigyun/Desktop/github_repositories/ST_control_ws/src/MasterMACS_pkg/sample code/Ethernet_TCP_code) by extensions ['python_setup_py']
[0.164s] Level 1:colcon.colcon_core.package_identification:_identify(/home/bigyun/Desktop/github_repositories/ST_control_ws/src/MasterMACS_pkg/sample code/Ethernet_TCP_code) by extension 'python_setup_py'
[0.164s] Level 1:colcon.colcon_core.package_identification:_identify(/home/bigyun/Desktop/github_repositories/ST_control_ws/src/MasterMACS_pkg/sample code/maxon___Zub_MasterMACS_샘플_코드_자료(맥슨모터코리아)) by extensions ['ignore', 'ignore_ament_install']
[0.164s] Level 1:colcon.colcon_core.package_identification:_identify(/home/bigyun/Desktop/github_repositories/ST_control_ws/src/MasterMACS_pkg/sample code/maxon___Zub_MasterMACS_샘플_코드_자료(맥슨모터코리아)) by extension 'ignore'
[0.164s] Level 1:colcon.colcon_core.package_identification:_identify(/home/bigyun/Desktop/github_repositories/ST_control_ws/src/MasterMACS_pkg/sample code/maxon___Zub_MasterMACS_샘플_코드_자료(맥슨모터코리아)) by extension 'ignore_ament_install'
[0.164s] Level 1:colcon.colcon_core.package_identification:_identify(/home/bigyun/Desktop/github_repositories/ST_control_ws/src/MasterMACS_pkg/sample code/maxon___Zub_MasterMACS_샘플_코드_자료(맥슨모터코리아)) by extensions ['colcon_pkg']
[0.164s] Level 1:colcon.colcon_core.package_identification:_identify(/home/bigyun/Desktop/github_repositories/ST_control_ws/src/MasterMACS_pkg/sample code/maxon___Zub_MasterMACS_샘플_코드_자료(맥슨모터코리아)) by extension 'colcon_pkg'
[0.164s] Level 1:colcon.colcon_core.package_identification:_identify(/home/bigyun/Desktop/github_repositories/ST_control_ws/src/MasterMACS_pkg/sample code/maxon___Zub_MasterMACS_샘플_코드_자료(맥슨모터코리아)) by extensions ['colcon_meta']
[0.164s] Level 1:colcon.colcon_core.package_identification:_identify(/home/bigyun/Desktop/github_repositories/ST_control_ws/src/MasterMACS_pkg/sample code/maxon___Zub_MasterMACS_샘플_코드_자료(맥슨모터코리아)) by extension 'colcon_meta'
[0.164s] Level 1:colcon.colcon_core.package_identification:_identify(/home/bigyun/Desktop/github_repositories/ST_control_ws/src/MasterMACS_pkg/sample code/maxon___Zub_MasterMACS_샘플_코드_자료(맥슨모터코리아)) by extensions ['ros']
[0.164s] Level 1:colcon.colcon_core.package_identification:_identify(/home/bigyun/Desktop/github_repositories/ST_control_ws/src/MasterMACS_pkg/sample code/maxon___Zub_MasterMACS_샘플_코드_자료(맥슨모터코리아)) by extension 'ros'
[0.164s] Level 1:colcon.colcon_core.package_identification:_identify(/home/bigyun/Desktop/github_repositories/ST_control_ws/src/MasterMACS_pkg/sample code/maxon___Zub_MasterMACS_샘플_코드_자료(맥슨모터코리아)) by extensions ['cmake', 'python']
[0.164s] Level 1:colcon.colcon_core.package_identification:_identify(/home/bigyun/Desktop/github_repositories/ST_control_ws/src/MasterMACS_pkg/sample code/maxon___Zub_MasterMACS_샘플_코드_자료(맥슨모터코리아)) by extension 'cmake'
[0.164s] Level 1:colcon.colcon_core.package_identification:_identify(/home/bigyun/Desktop/github_repositories/ST_control_ws/src/MasterMACS_pkg/sample code/maxon___Zub_MasterMACS_샘플_코드_자료(맥슨모터코리아)) by extension 'python'
[0.164s] Level 1:colcon.colcon_core.package_identification:_identify(/home/bigyun/Desktop/github_repositories/ST_control_ws/src/MasterMACS_pkg/sample code/maxon___Zub_MasterMACS_샘플_코드_자료(맥슨모터코리아)) by extensions ['python_setup_py']
[0.164s] Level 1:colcon.colcon_core.package_identification:_identify(/home/bigyun/Desktop/github_repositories/ST_control_ws/src/MasterMACS_pkg/sample code/maxon___Zub_MasterMACS_샘플_코드_자료(맥슨모터코리아)) by extension 'python_setup_py'
[0.164s] Level 1:colcon.colcon_core.package_identification:_identify(/home/bigyun/Desktop/github_repositories/ST_control_ws/src/MasterMACS_pkg/src) by extensions ['ignore', 'ignore_ament_install']
[0.164s] Level 1:colcon.colcon_core.package_identification:_identify(/home/bigyun/Desktop/github_repositories/ST_control_ws/src/MasterMACS_pkg/src) by extension 'ignore'
[0.164s] Level 1:colcon.colcon_core.package_identification:_identify(/home/bigyun/Desktop/github_repositories/ST_control_ws/src/MasterMACS_pkg/src) by extension 'ignore_ament_install'
[0.164s] Level 1:colcon.colcon_core.package_identification:_identify(/home/bigyun/Desktop/github_repositories/ST_control_ws/src/MasterMACS_pkg/src) by extensions ['colcon_pkg']
[0.164s] Level 1:colcon.colcon_core.package_identification:_identify(/home/bigyun/Desktop/github_repositories/ST_control_ws/src/MasterMACS_pkg/src) by extension 'colcon_pkg'
[0.164s] Level 1:colcon.colcon_core.package_identification:_identify(/home/bigyun/Desktop/github_repositories/ST_control_ws/src/MasterMACS_pkg/src) by extensions ['colcon_meta']
[0.164s] Level 1:colcon.colcon_core.package_identification:_identify(/home/bigyun/Desktop/github_repositories/ST_control_ws/src/MasterMACS_pkg/src) by extension 'colcon_meta'
[0.164s] Level 1:colcon.colcon_core.package_identification:_identify(/home/bigyun/Desktop/github_repositories/ST_control_ws/src/MasterMACS_pkg/src) by extensions ['ros']
[0.164s] Level 1:colcon.colcon_core.package_identification:_identify(/home/bigyun/Desktop/github_repositories/ST_control_ws/src/MasterMACS_pkg/src) by extension 'ros'
[0.164s] Level 1:colcon.colcon_core.package_identification:_identify(/home/bigyun/Desktop/github_repositories/ST_control_ws/src/MasterMACS_pkg/src) by extensions ['cmake', 'python']
[0.164s] Level 1:colcon.colcon_core.package_identification:_identify(/home/bigyun/Desktop/github_repositories/ST_control_ws/src/MasterMACS_pkg/src) by extension 'cmake'
[0.164s] Level 1:colcon.colcon_core.package_identification:_identify(/home/bigyun/Desktop/github_repositories/ST_control_ws/src/MasterMACS_pkg/src) by extension 'python'
[0.164s] Level 1:colcon.colcon_core.package_identification:_identify(/home/bigyun/Desktop/github_repositories/ST_control_ws/src/MasterMACS_pkg/src) by extensions ['python_setup_py']
[0.164s] Level 1:colcon.colcon_core.package_identification:_identify(/home/bigyun/Desktop/github_repositories/ST_control_ws/src/MasterMACS_pkg/src) by extension 'python_setup_py'
[0.164s] Level 1:colcon.colcon_core.package_identification:_identify(/home/bigyun/Desktop/github_repositories/ST_control_ws/src/joystick_pkg) by extensions ['ignore', 'ignore_ament_install']
[0.164s] Level 1:colcon.colcon_core.package_identification:_identify(/home/bigyun/Desktop/github_repositories/ST_control_ws/src/joystick_pkg) by extension 'ignore'
[0.165s] Level 1:colcon.colcon_core.package_identification:_identify(/home/bigyun/Desktop/github_repositories/ST_control_ws/src/joystick_pkg) by extension 'ignore_ament_install'
[0.165s] Level 1:colcon.colcon_core.package_identification:_identify(/home/bigyun/Desktop/github_repositories/ST_control_ws/src/joystick_pkg) by extensions ['colcon_pkg']
[0.165s] Level 1:colcon.colcon_core.package_identification:_identify(/home/bigyun/Desktop/github_repositories/ST_control_ws/src/joystick_pkg) by extension 'colcon_pkg'
[0.165s] Level 1:colcon.colcon_core.package_identification:_identify(/home/bigyun/Desktop/github_repositories/ST_control_ws/src/joystick_pkg) by extensions ['colcon_meta']
[0.165s] Level 1:colcon.colcon_core.package_identification:_identify(/home/bigyun/Desktop/github_repositories/ST_control_ws/src/joystick_pkg) by extension 'colcon_meta'
[0.165s] Level 1:colcon.colcon_core.package_identification:_identify(/home/bigyun/Desktop/github_repositories/ST_control_ws/src/joystick_pkg) by extensions ['ros']
[0.165s] Level 1:colcon.colcon_core.package_identification:_identify(/home/bigyun/Desktop/github_repositories/ST_control_ws/src/joystick_pkg) by extension 'ros'
[0.166s] DEBUG:colcon.colcon_core.package_identification:Package '/home/bigyun/Desktop/github_repositories/ST_control_ws/src/joystick_pkg' with type 'ros.ament_python' and name 'joystick_pkg'
[0.166s] Level 1:colcon.colcon_core.package_discovery:discover_packages(recursive) using defaults
